==============================================================================
  Prime version 4.6 (r015) Refine Structure: Sidechain prediction
==============================================================================
        
--------------------------------------------------------------------------------
JobId          : lski1985-0-58b59cb0
Name           : 1ol5-missing-side-chains
Program        : RefineStructure
MMshareExec    : /opt/schrodinger/suites2016-4/mmshare-v3.6/bin/Darwin-x86_64
Host           : lski1985.mskcc.org
Dir            : /Users/albaness/github/AURKA_UMN/rcsb/1ol5-prepped
HostEntry      : localhost
JobHost        : lski1985.mskcc.org
JobDir         : /scratch/albaness/1ol5-missing-side-chains
JobMMshareExec : /opt/schrodinger/suites2016-4/mmshare-v3.6/bin/Darwin-x86_64
Commandline    : /opt/schrodinger/suites2016-4/prime 1ol5-missing-side-chains
StartTime      : 2017-02-28-10:52:17
--------------------------------------------------------------------------------
Using the following input parameters:
   EXT_DIEL	80.0
   FIX_ATOM_NAMES	yes
   JOB_TYPE	refine
   NUM_SC_OUTPUT_STRUCT	1
   RESIDUE_0	A:375
   RESIDUE_1	B:36
   SEED	0
   SELECT	pick
   STRUCT_FILE	1ol5-missing-side-chains-in.mae
   USE_CRYSTAL_SYMMETRY	no
   USE_MEMBRANE	no
   USE_RANDOM_SEED	no

Number of CPU cores to use: 1

Using OPLS version 2005 for force-field parameters.

Pre-processing input
  Treating with residue ID check...
    Complete:  0 min  0 sec
  Treating with asl parsing...
    Complete:  0 min  0 sec
  Treating with naming consistency detection...
    Complete:  0 min  0 sec

 Random Number Seed Set to:    935008368
 
 Contents of the control file:
   
   file outdir "/Users/albaness/partition/scratch/albaness/1ol5-missing-side-chains/"
   file datadir "/opt/schrodinger/suites2016-4/psp-v4.6/data/pop/"
   file vddir "/opt/schrodinger/suites2016-4/psp-v4.6/data/pop/"
   file tempdir "templates/"
   file protempdir "templates/"
   file usrtempdir "/Users/albaness/partition/scratch/albaness/1ol5-missing-side-chains/"
   file gluefile "params.glue"
   file logfile stdout
   
   rand seed 0
   
   
   load simple 1ol5-missing-side-chains_0 Structure(37)  het yes ions yes wat yes mse2met no sym none   highest_occ no     opls_version 2005 fix_atom_names yes
   
   
   
   constraints load_from_ct
   energy param solv vsgb2.0
   
   
   
   energy param nbcut2_nn  40.0
   energy param nbcut2_cn  40.0
   energy param nbcut2_cc  40.0
   
   energy param uselipo yes
   
   
   
   
   
   energy total
   side predict asl "atom.i_psp_select_atom 1" ofac_min 0.0 native_opt no failsafe no iter 1 maefile SWIG_OUTPUT_STRUCTURE
   
   energy total
   energy total
   
   
   write mae SWIG_OUTPUT_STRUCTURE
   finalize yes
   
--Checked out   8 PSP Plop Tokens--
 Random number seed reset to :            0
 
 Parameters chosen for PDB loading:
   All protein chains will be loaded.
   Sequence read from ATOM lines.
   Ions from PDB file INCLUDED.
   PDB file assumed to be experimental data.
   Waters from PDB file INCLUDED.
   HETATMs from PDB file INCLUDED.
   Hydrogens from PDB file INCLUDED.
   NO symmetry will be used.
   Atoms not in PDB file will NOT be optimized.
   Atomtyping Parameters (when reading directly from mae)
      OPLS Version 2005                
      Planarity       None
      Using Force Field Charges
      Changing atom names to canonical values
 
 STARTING TO WORK ON FILE 1ol5-missing-side-chains_0
 Reading residue sequence from atoms in mae file
 
 Amino acid sequence, chain: A A:SER_123    A:SER_388   
    0 SERB LYS  LYS  ARG  GLN  TRP  ALA  LEU  GLU  ASP 
   10 PHE  GLU  ILE  GLY  ARG  PRO  LEU  GLY  LYS  GLY 
   20 LYS  PHE  GLY  ASN  VAL  TYR  LEU  ALA  ARG  GLU 
   30 LYS  GLN  SER  LYS  PHE  ILE  LEU  ALA  LEU  LYS 
   40 VAL  LEU  PHE  LYS  ALA  GLN  LEU  GLU  LYS  ALA 
   50 GLY  VAL  GLU  HID  GLN  LEU  ARG  ARG  GLU  VAL 
   60 GLU  ILE  GLN  SER  HID  LEU  ARG  HID  PRO  ASN 
   70 ILE  LEU  ARG  LEU  TYR  GLY  TYR  PHE  HID  ASP 
   80 ALA  THR  ARG  VAL  TYR  LEU  ILE  LEU  GLU  TYR 
   90 ALA  PRO  LEU  GLY  THR  VAL  TYR  ARG  GLU  LEU 
  100 GLN  LYS  LEU  SER  LYS  PHE  ASP  GLU  GLN  ARG 
  110 THR  ALA  THR  TYR  ILE  THR  GLU  LEU  ALA  ASN 
  120 ALA  LEU  SER  TYR  CYS  HID  SER  LYS  ARG  VAL 
  130 ILE  HID  ARG  ASP  ILE  LYS  PRO  GLU  ASN  LEU 
  140 LEU  LEU  GLY  SER  ALA  GLY  GLU  LEU  LYS  ILE 
  150 ALA  ASP  PHE  GLY  TRP  SER  VAL  HID  ALA  PRO 
  160 SER  SER  ARG  ARG  TPO  TPO  LEU  CYS  GLY  THR 
  170 LEU  ASP  TYR  LEU  PRO  PRO  GLU  MET  ILE  GLU 
  180 GLY  ARG  MET  HID  ASP  GLU  LYS  VAL  ASP  LEU 
  190 TRP  SER  LEU  GLY  VAL  LEU  CYS  TYR  GLU  PHE 
  200 LEU  VAL  GLY  LYS  PRO  PRO  PHE  GLU  ALA  ASN 
  210 THR  TYR  GLN  GLU  THR  TYR  LYS  ARG  ILE  SER 
  220 ARG  VAL  GLU  PHE  THR  PHE  PRO  ASP  PHE  VAL 
  230 THR  GLU  GLY  ALA  ARG  ASP  LEU  ILE  SER  ARG 
  240 LEU  LEU  LYS  HID  ASN  PRO  SER  GLN  ARG  PRO 
  250 MET  LEU  ARG  GLU  VAL  LEU  GLU  HID  PRO  TRP 
  260 ILE  THR  ALA  ASN  SER  SERE
 
 Amino acid sequence, chain: B B:SER_7      B:LEU_22    
    0 SERB TYR  SER  TYR  ASP  ALA  PRO  SER  ASP  PHE 
   10 ILE  ASN  PHE  SER  SER  LEUE
 
 Amino acid sequence, chain: B B:ASN_30     B:ASN_43    
    0 ASNB ILE  ASP  SER  TRP  PHE  GLU  GLU  LYS  ALA 
   10 ASN  LEU  GLU  ASNE
 
 Nonbonded initialization ...
 Time for loading nb parameters:   1.146999999999565E-003
 Build extended structure ...
 Charged terminal template did not match, trying neutral terminal template for 
  A:SER_123   
 Standard template does not match for  A:TPO_287    making custom template
 Standard template does not match for  A:TPO_288    making custom template
 Charged terminal template did not match, trying neutral terminal template for 
  A:SER_388   
 Standard template does not match for  A:SER_388    making custom template
 Charged terminal template did not match, trying neutral terminal template for 
  B:SER_7     
 Charged terminal template did not match, trying neutral terminal template for 
  B:LEU_22    
 Standard template does not match for  B:LEU_22     making custom template
 Charged terminal template did not match, trying neutral terminal template for 
  B:ASN_30    
 Generating crosslinks ...
 Crosslink created between  A:ADP_1388  :_O2B --- A:MG_1390   :MG__
 Crosslink created between  A:ADP_1388  :_O2A --- A:MG_1389   :MG__
 Crosslink created between  A:ADP_1388  :_O3A --- A:MG_1389   :MG__
 Crosslink created between  A:MG_1389   :MG__ --- A:ASN_261   :_OD1
 Crosslink created between  A:MG_1389   :MG__ --- A:ASP_274   :_OD2
 Crosslink created between  A:MG_1389   :MG__ --- A:HOH_2073  :_O__
 Crosslink created between  A:MG_1390   :MG__ --- A:HOH_2026  :_O__
 Crosslink created between  A:MG_1390   :MG__ --- A:HOH_2028  :_O__
 Crosslink created between  A:MG_1390   :MG__ --- A:HOH_2123  :_O__
 Crosslink created between  A:MG_1390   :MG__ --- A:HOH_2124  :_O__
 Crosslink created between  A:MG_1390   :MG__ --- A:HOH_2125  :_O__
 Crosslink created between  A:MG_1394   :MG__ --- A:HOH_2104  :_O__
 Initialize 1/4 list ...
 Initialize parent/child list ...
 Initialize covalent pointers ...
 Initialize resinfo list ...
 ATTN: hetero res type ADP 
  not recognized - rotamer conformations will not be sampled.
 ATTN: hetero res type MG1 
  not recognized - rotamer conformations will not be sampled.
 ATTN: hetero res type MG3 
  not recognized - rotamer conformations will not be sampled.
 ATTN: hetero res type SO1 
  not recognized - rotamer conformations will not be sampled.
 ATTN: hetero res type SO2 
  not recognized - rotamer conformations will not be sampled.
 ATTN: hetero res type SO4 
  not recognized - rotamer conformations will not be sampled.
 ATTN: hetero res type MG  
  not recognized - rotamer conformations will not be sampled.
 Initialize special atoms ...
 Initialize rank list ...
 Initialize sparse atom list ...
 
 Times for various book-keeping steps:
     build   1.645s
     cross   0.042s
     child   0.018s
      iper   0.000s
       rev   0.019s
      info   0.002s
     resat   0.000s
      rank   0.000s
     covpt   0.000s
    sparse   0.020s
 
 Times for steps in loading structure:
           Load sequence    0.87s
    Initialize structure    1.77s
      Assign coordinates    0.05s
     Initialize symmetry    0.00s
 
 Preparing for first energy calculation ...
 
 Time for assigning nb parameters:    0.013s
 
 Number of protein chains       3
   Number of residues         296
       (charged)               85
        (polar)                94
       (glycine)               15
     (hydrophobic)            102
 
 Number of RNA chains           0
   Number of nucleotides        0
 Number of DNA chains           0
   Number of nucleotides        0
 
 Number of waters             144
 Number of ions                 0
 Number of HET                  7
 
 Number of atoms             5402
   [sparse atoms]             551
 
 Number of bonds             5336
 Number of angles            9212
 Number of torsions         14440
 Number of 1/4s             13144
 
 Partial charges and molecular weights:
  HET group      A:ADP_1388       -3.0000     424.2
  HET group      A:MG_1389         2.0000      24.3
  HET group      A:MG_1390         2.0000      24.3
  HET group      A:SO4_1391       -2.0000      96.1
  HET group      A:SO4_1392       -2.0000      96.1
  HET group      A:SO4_1393       -2.0000      96.1
  HET group      A:MG_1394         2.0000      24.3
  Protein chain            A       2.0000   30964.7
  Protein chain            B      -2.0000    1696.7
  Protein chain            B      -4.0000    1704.8
  Entire system                   -7.0000   37745.8
 
 Time for secondary structure initialization   0.001s
 
 Results of parameter assignment
    type    tot   time
    BOND   5336   0.00
    ANGL   9212   0.00
    TORS  14440   0.02
WARNING: null angle:  A:ASP_274:_OD2  A:MG_1389:MG__  A:HOH_2073:_O__ 9183
WARNING: null angle:  A:ADP_1388:_O2B A:MG_1390:MG__  A:HOH_2028:_O__ 9189
WARNING: null angle:  A:HOH_2026:_O__ A:MG_1390:MG__  A:HOH_2124:_O__ 9199
WARNING: null angle:  A:HOH_2123:_O__ A:MG_1390:MG__  A:HOH_2125:_O__ 9207
 
 Here are the parameters that will be used:
                      Solvent model   SGB
               Variable Dielectric:   ENABLED
                               LYS:    3.85
                               GLU:    2.78
                               ASP:    2.44
                               HIP:    2.86
                               HIS:    1.00
                               ARG:    2.11
                      Penalty terms   EXCLUDED
                Internal dielectric    1.00
                 Solvent dielectric   80.00
                 Ionic strength (M)    0.00
                 Debye length (Ang)     Inf
     Short NB cut (neutral/neutral)   10.00
      Long NB cut (neutral/neutral)   40.00
      Short NB cut (charge/neutral)   10.00
       Long NB cut (charge/neutral)   40.00
       Short NB cut (charge/charge)   15.00
        Long NB cut (charge/charge)   40.00
             Short NB cut (reduced)    6.00
              Long NB cut (reduced)   36.00
          Rotamer Frequency Scoring   OFF
 
 NOW REPORTING THE ENERGY (KCAL/MOL): 
 COVALENT ENERGIES:
                BOND           ANGLE             TOR           TOTAL
     COV     3207.873099      747.216558     1007.495414     4962.585071
     SGB    31988.754864   -12919.280637    -5456.936558    13612.537669
   TOTAL    35196.627963   -12172.064079    -4449.441144    18575.122740
    TIME        0.000s          0.000s          0.000s          0.000s   
 
 NONBONDED (INTRAMOLECULAR) ENERGIES:
                  14           SHORT            LONG           TOTAL
      LJ     2084.338296     -769.403918     -143.747467     1171.186912
    LIPO        0.000000    -1739.677379        0.000000    -1739.677379
      EL     7836.302666   -17041.278778     1266.942888    -7938.033224
     SGB    -5456.936558     6684.686623    -1151.256382       76.493683
   TOTAL     4463.704404   -12865.673452      -28.060961    -8430.030009
    TIME        0.000s          0.000s          0.000s          0.000s   
 
 OTHER:
SGB SELF   -23252.176218
NONPOLAR        0.000000
PROT COR        0.000000
   HBOND     -181.793684
 PACKING      -17.002078
SelfCont     -133.850951
 
 SUM:
 SGB TOT    -4106.208308
SOLV TOT    -4106.208308
LIPO TOT    -1739.677379
  TOTALE  -7982.793641922    
 [NOTE: TOTAL ENERGY = COV_TOT + NB_TOT + OTHER - SGB_14|SGB_TOR]
 
 NOW REPORTING THE ENERGY (KCAL/MOL): 
 COVALENT ENERGIES:
                BOND           ANGLE             TOR           TOTAL
     COV     3207.873099      747.216558     1007.495414     4962.585071
     SGB    31988.754864   -12919.280637    -5456.936558    13612.537669
   TOTAL    35196.627963   -12172.064079    -4449.441144    18575.122740
    TIME        0.000s          0.000s          0.000s          0.000s   
 
 NONBONDED (INTRAMOLECULAR) ENERGIES:
                  14           SHORT            LONG           TOTAL
      LJ     2084.338296     -769.403918     -143.747467     1171.186912
    LIPO        0.000000    -1739.677379        0.000000    -1739.677379
      EL     7836.302666   -17041.278778     1266.942888    -7938.033224
     SGB    -5456.936558     6684.686623    -1151.256382       76.493683
   TOTAL     4463.704404   -12865.673452      -28.060961    -8430.030009
    TIME        0.000s          0.000s          0.000s          0.000s   
 
 OTHER:
SGB SELF   -23252.176218
NONPOLAR        0.000000
PROT COR        0.000000
   HBOND     -181.793684
 PACKING      -17.002078
SelfCont     -133.850951
 
 SUM:
 SGB TOT    -4106.208308
SOLV TOT    -4106.208308
LIPO TOT    -1739.677379
  TOTALE  -7982.793641922    
 [NOTE: TOTAL ENERGY = COV_TOT + NB_TOT + OTHER - SGB_14|SGB_TOR]
 
 Preparing for first energy calculation ...
 
 
 NOW REPORTING THE ENERGY (KCAL/MOL): 
 COVALENT ENERGIES:
                BOND           ANGLE             TOR           TOTAL
     COV     3207.873099      747.216558     1007.495414     4962.585071
     SGB    31988.754864   -12919.280637    -5456.936558    13612.537669
   TOTAL    35196.627963   -12172.064079    -4449.441144    18575.122740
    TIME        0.000s          0.000s          0.000s          0.000s   
 
 NONBONDED (INTRAMOLECULAR) ENERGIES:
                  14           SHORT            LONG           TOTAL
      LJ     2084.338296     -769.403918     -143.747467     1171.186912
    LIPO        0.000000    -1739.677379        0.000000    -1739.677379
      EL     7836.302666   -17041.278778     1266.942888    -7938.033224
     SGB    -5456.936558     6684.686623    -1151.256382       76.493683
   TOTAL     4463.704404   -12865.673452      -28.060961    -8430.030009
    TIME        0.000s          0.000s          0.000s          0.000s   
 
 OTHER:
SGB SELF   -23252.176218
NONPOLAR        0.000000
PROT COR        0.000000
   HBOND     -181.793684
 PACKING      -17.002078
SelfCont     -133.850951
 
 SUM:
 SGB TOT    -4106.208308
SOLV TOT    -4106.208308
LIPO TOT    -1739.677379
  TOTALE  -7982.793641922    
 [NOTE: TOTAL ENERGY = COV_TOT + NB_TOT + OTHER - SGB_14|SGB_TOR]
 
 ATTN:  large bond energies found:
      42     42 A:SO4_1391:_S__         43 A:SO4_1391:_O1_         10.61
      44     42 A:SO4_1391:_S__         45 A:SO4_1391:_O3_         22.21
      46     47 A:SO4_1392:_S__         48 A:SO4_1392:_O1_         17.38
      48     47 A:SO4_1392:_S__         50 A:SO4_1392:_O3_         15.05
      50     52 A:SO4_1393:_S__         53 A:SO4_1393:_O1_         18.45
      52     52 A:SO4_1393:_S__         55 A:SO4_1393:_O3_         18.63
      54     58 A:HOH_2001:_OW_         59 A:HOH_2001:_HW1         10.00
      55     58 A:HOH_2001:_OW_         60 A:HOH_2001:_HW2         10.00
      56     61 A:HOH_2002:_OW_         62 A:HOH_2002:_HW1         10.00
      57     61 A:HOH_2002:_OW_         63 A:HOH_2002:_HW2         10.00
      58     64 A:HOH_2003:_OW_         65 A:HOH_2003:_HW1         10.00
      59     64 A:HOH_2003:_OW_         66 A:HOH_2003:_HW2         10.00
      60     67 A:HOH_2004:_OW_         68 A:HOH_2004:_HW1         10.00
      61     67 A:HOH_2004:_OW_         69 A:HOH_2004:_HW2         10.00
      62     70 A:HOH_2005:_OW_         71 A:HOH_2005:_HW1         10.00
      63     70 A:HOH_2005:_OW_         72 A:HOH_2005:_HW2         10.00
      64     73 A:HOH_2006:_OW_         74 A:HOH_2006:_HW1         10.00
      65     73 A:HOH_2006:_OW_         75 A:HOH_2006:_HW2         10.00
      66     76 A:HOH_2007:_OW_         77 A:HOH_2007:_HW1         10.00
      67     76 A:HOH_2007:_OW_         78 A:HOH_2007:_HW2         10.00
      68     79 A:HOH_2008:_OW_         80 A:HOH_2008:_HW1         10.00
      69     79 A:HOH_2008:_OW_         81 A:HOH_2008:_HW2         10.00
      70     82 A:HOH_2009:_OW_         83 A:HOH_2009:_HW1         10.00
      71     82 A:HOH_2009:_OW_         84 A:HOH_2009:_HW2         10.00
      72     85 A:HOH_2010:_OW_         86 A:HOH_2010:_HW1         10.00
      73     85 A:HOH_2010:_OW_         87 A:HOH_2010:_HW2         10.00
      74     88 A:HOH_2011:_OW_         89 A:HOH_2011:_HW1         10.00
      75     88 A:HOH_2011:_OW_         90 A:HOH_2011:_HW2         10.00
      76     91 A:HOH_2012:_OW_         92 A:HOH_2012:_HW1         10.00
      77     91 A:HOH_2012:_OW_         93 A:HOH_2012:_HW2         10.00
      78     94 A:HOH_2013:_OW_         95 A:HOH_2013:_HW1         10.00
      79     94 A:HOH_2013:_OW_         96 A:HOH_2013:_HW2         10.00
      80     97 A:HOH_2014:_OW_         98 A:HOH_2014:_HW1         10.00
      81     97 A:HOH_2014:_OW_         99 A:HOH_2014:_HW2         10.00
      82    100 A:HOH_2015:_OW_        101 A:HOH_2015:_HW1         10.00
      83    100 A:HOH_2015:_OW_        102 A:HOH_2015:_HW2         10.00
      84    103 A:HOH_2016:_OW_        104 A:HOH_2016:_HW1         10.00
      85    103 A:HOH_2016:_OW_        105 A:HOH_2016:_HW2         10.00
      86    106 A:HOH_2017:_OW_        107 A:HOH_2017:_HW1         10.00
      87    106 A:HOH_2017:_OW_        108 A:HOH_2017:_HW2         10.00
      88    109 A:HOH_2018:_OW_        110 A:HOH_2018:_HW1         10.00
      89    109 A:HOH_2018:_OW_        111 A:HOH_2018:_HW2         10.00
      90    112 A:HOH_2019:_OW_        113 A:HOH_2019:_HW1         10.00
      91    112 A:HOH_2019:_OW_        114 A:HOH_2019:_HW2         10.00
      92    115 A:HOH_2020:_OW_        116 A:HOH_2020:_HW1         10.00
      93    115 A:HOH_2020:_OW_        117 A:HOH_2020:_HW2         10.00
      94    118 A:HOH_2021:_OW_        119 A:HOH_2021:_HW1         10.00
      95    118 A:HOH_2021:_OW_        120 A:HOH_2021:_HW2         10.00
      96    121 A:HOH_2022:_OW_        122 A:HOH_2022:_HW1         10.00
      97    121 A:HOH_2022:_OW_        123 A:HOH_2022:_HW2         10.00
      98    124 A:HOH_2023:_OW_        125 A:HOH_2023:_HW1         10.00
      99    124 A:HOH_2023:_OW_        126 A:HOH_2023:_HW2         10.00
     100    127 A:HOH_2024:_OW_        128 A:HOH_2024:_HW1         10.00
     101    127 A:HOH_2024:_OW_        129 A:HOH_2024:_HW2         10.00
     102    130 A:HOH_2025:_OW_        131 A:HOH_2025:_HW1         10.00
     103    130 A:HOH_2025:_OW_        132 A:HOH_2025:_HW2         10.00
     104    133 A:HOH_2026:_O__        134 A:HOH_2026:_H1_         10.00
     105    133 A:HOH_2026:_O__        135 A:HOH_2026:_H2_         10.00
     106    136 A:HOH_2027:_OW_        137 A:HOH_2027:_HW1         10.00
     107    136 A:HOH_2027:_OW_        138 A:HOH_2027:_HW2         10.00
     108    139 A:HOH_2028:_O__        140 A:HOH_2028:_H1_         10.00
     109    139 A:HOH_2028:_O__        141 A:HOH_2028:_H2_         10.00
     110    142 A:HOH_2029:_OW_        143 A:HOH_2029:_HW1         10.00
     111    142 A:HOH_2029:_OW_        144 A:HOH_2029:_HW2         10.00
     112    145 A:HOH_2030:_OW_        146 A:HOH_2030:_HW1         10.00
     113    145 A:HOH_2030:_OW_        147 A:HOH_2030:_HW2         10.00
     114    148 A:HOH_2031:_OW_        149 A:HOH_2031:_HW1         10.00
     115    148 A:HOH_2031:_OW_        150 A:HOH_2031:_HW2         10.00
     116    151 A:HOH_2032:_OW_        152 A:HOH_2032:_HW1         10.00
     117    151 A:HOH_2032:_OW_        153 A:HOH_2032:_HW2         10.00
     118    154 A:HOH_2033:_OW_        155 A:HOH_2033:_HW1         10.00
     119    154 A:HOH_2033:_OW_        156 A:HOH_2033:_HW2         10.00
     120    157 A:HOH_2034:_OW_        158 A:HOH_2034:_HW1         10.00
     121    157 A:HOH_2034:_OW_        159 A:HOH_2034:_HW2         10.00
     122    160 A:HOH_2035:_OW_        161 A:HOH_2035:_HW1         10.00
     123    160 A:HOH_2035:_OW_        162 A:HOH_2035:_HW2         10.00
     124    163 A:HOH_2036:_OW_        164 A:HOH_2036:_HW1         10.00
     125    163 A:HOH_2036:_OW_        165 A:HOH_2036:_HW2         10.00
     126    166 A:HOH_2037:_OW_        167 A:HOH_2037:_HW1         10.00
     127    166 A:HOH_2037:_OW_        168 A:HOH_2037:_HW2         10.00
     128    169 A:HOH_2038:_OW_        170 A:HOH_2038:_HW1         10.00
     129    169 A:HOH_2038:_OW_        171 A:HOH_2038:_HW2         10.00
     130    172 A:HOH_2039:_OW_        173 A:HOH_2039:_HW1         10.00
     131    172 A:HOH_2039:_OW_        174 A:HOH_2039:_HW2         10.00
     132    175 A:HOH_2040:_OW_        176 A:HOH_2040:_HW1         10.00
     133    175 A:HOH_2040:_OW_        177 A:HOH_2040:_HW2         10.00
     134    178 A:HOH_2041:_OW_        179 A:HOH_2041:_HW1         10.00
     135    178 A:HOH_2041:_OW_        180 A:HOH_2041:_HW2         10.00
     136    181 A:HOH_2042:_OW_        182 A:HOH_2042:_HW1         10.00
     137    181 A:HOH_2042:_OW_        183 A:HOH_2042:_HW2         10.00
     138    184 A:HOH_2043:_OW_        185 A:HOH_2043:_HW1         10.00
     139    184 A:HOH_2043:_OW_        186 A:HOH_2043:_HW2         10.00
     140    187 A:HOH_2044:_OW_        188 A:HOH_2044:_HW1         10.00
     141    187 A:HOH_2044:_OW_        189 A:HOH_2044:_HW2         10.00
     142    190 A:HOH_2045:_OW_        191 A:HOH_2045:_HW1         10.00
     143    190 A:HOH_2045:_OW_        192 A:HOH_2045:_HW2         10.00
     144    193 A:HOH_2046:_OW_        194 A:HOH_2046:_HW1         10.00
     145    193 A:HOH_2046:_OW_        195 A:HOH_2046:_HW2         10.00
     146    196 A:HOH_2047:_OW_        197 A:HOH_2047:_HW1         10.00
     147    196 A:HOH_2047:_OW_        198 A:HOH_2047:_HW2         10.00
     148    199 A:HOH_2048:_OW_        200 A:HOH_2048:_HW1         10.00
     149    199 A:HOH_2048:_OW_        201 A:HOH_2048:_HW2         10.00
     150    202 A:HOH_2049:_OW_        203 A:HOH_2049:_HW1         10.00
     151    202 A:HOH_2049:_OW_        204 A:HOH_2049:_HW2         10.00
     152    205 A:HOH_2050:_OW_        206 A:HOH_2050:_HW1         10.00
     153    205 A:HOH_2050:_OW_        207 A:HOH_2050:_HW2         10.00
     154    208 A:HOH_2051:_OW_        209 A:HOH_2051:_HW1         10.00
     155    208 A:HOH_2051:_OW_        210 A:HOH_2051:_HW2         10.00
     156    211 A:HOH_2052:_OW_        212 A:HOH_2052:_HW1         10.00
     157    211 A:HOH_2052:_OW_        213 A:HOH_2052:_HW2         10.00
     158    214 A:HOH_2053:_OW_        215 A:HOH_2053:_HW1         10.00
     159    214 A:HOH_2053:_OW_        216 A:HOH_2053:_HW2         10.00
     160    217 A:HOH_2054:_OW_        218 A:HOH_2054:_HW1         10.00
     161    217 A:HOH_2054:_OW_        219 A:HOH_2054:_HW2         10.00
     162    220 A:HOH_2055:_OW_        221 A:HOH_2055:_HW1         10.00
     163    220 A:HOH_2055:_OW_        222 A:HOH_2055:_HW2         10.00
     164    223 A:HOH_2056:_OW_        224 A:HOH_2056:_HW1         10.00
     165    223 A:HOH_2056:_OW_        225 A:HOH_2056:_HW2         10.00
     166    226 A:HOH_2057:_OW_        227 A:HOH_2057:_HW1         10.00
     167    226 A:HOH_2057:_OW_        228 A:HOH_2057:_HW2         10.00
     168    229 A:HOH_2058:_OW_        230 A:HOH_2058:_HW1         10.00
     169    229 A:HOH_2058:_OW_        231 A:HOH_2058:_HW2         10.00
     170    232 A:HOH_2059:_OW_        233 A:HOH_2059:_HW1         10.00
     171    232 A:HOH_2059:_OW_        234 A:HOH_2059:_HW2         10.00
     172    235 A:HOH_2060:_OW_        236 A:HOH_2060:_HW1         10.00
     173    235 A:HOH_2060:_OW_        237 A:HOH_2060:_HW2         10.00
     174    238 A:HOH_2061:_OW_        239 A:HOH_2061:_HW1         10.00
     175    238 A:HOH_2061:_OW_        240 A:HOH_2061:_HW2         10.00
     176    241 A:HOH_2062:_OW_        242 A:HOH_2062:_HW1         10.00
     177    241 A:HOH_2062:_OW_        243 A:HOH_2062:_HW2         10.00
     178    244 A:HOH_2063:_OW_        245 A:HOH_2063:_HW1         10.00
     179    244 A:HOH_2063:_OW_        246 A:HOH_2063:_HW2         10.00
     180    247 A:HOH_2064:_OW_        248 A:HOH_2064:_HW1         10.00
     181    247 A:HOH_2064:_OW_        249 A:HOH_2064:_HW2         10.00
     182    250 A:HOH_2065:_OW_        251 A:HOH_2065:_HW1         10.00
     183    250 A:HOH_2065:_OW_        252 A:HOH_2065:_HW2         10.00
     184    253 A:HOH_2066:_OW_        254 A:HOH_2066:_HW1         10.00
     185    253 A:HOH_2066:_OW_        255 A:HOH_2066:_HW2         10.00
     186    256 A:HOH_2067:_OW_        257 A:HOH_2067:_HW1         10.00
     187    256 A:HOH_2067:_OW_        258 A:HOH_2067:_HW2         10.00
     188    259 A:HOH_2068:_OW_        260 A:HOH_2068:_HW1         10.00
     189    259 A:HOH_2068:_OW_        261 A:HOH_2068:_HW2         10.00
     190    262 A:HOH_2069:_OW_        263 A:HOH_2069:_HW1         10.00
     191    262 A:HOH_2069:_OW_        264 A:HOH_2069:_HW2         10.00
     192    265 A:HOH_2070:_OW_        266 A:HOH_2070:_HW1         10.00
     193    265 A:HOH_2070:_OW_        267 A:HOH_2070:_HW2         10.00
     194    268 A:HOH_2071:_OW_        269 A:HOH_2071:_HW1         10.00
     195    268 A:HOH_2071:_OW_        270 A:HOH_2071:_HW2         10.00
     196    271 A:HOH_2072:_OW_        272 A:HOH_2072:_HW1         10.00
     197    271 A:HOH_2072:_OW_        273 A:HOH_2072:_HW2         10.00
     198    274 A:HOH_2073:_O__        275 A:HOH_2073:_H1_         10.00
     199    274 A:HOH_2073:_O__        276 A:HOH_2073:_H2_         10.00
     200    277 A:HOH_2074:_OW_        278 A:HOH_2074:_HW1         10.00
     201    277 A:HOH_2074:_OW_        279 A:HOH_2074:_HW2         10.00
     202    280 A:HOH_2075:_OW_        281 A:HOH_2075:_HW1         10.00
     203    280 A:HOH_2075:_OW_        282 A:HOH_2075:_HW2         10.00
     204    283 A:HOH_2076:_OW_        284 A:HOH_2076:_HW1         10.00
     205    283 A:HOH_2076:_OW_        285 A:HOH_2076:_HW2         10.00
     206    286 A:HOH_2077:_OW_        287 A:HOH_2077:_HW1         10.00
     207    286 A:HOH_2077:_OW_        288 A:HOH_2077:_HW2         10.00
     208    289 A:HOH_2078:_OW_        290 A:HOH_2078:_HW1         10.00
     209    289 A:HOH_2078:_OW_        291 A:HOH_2078:_HW2         10.00
     210    292 A:HOH_2079:_OW_        293 A:HOH_2079:_HW1         10.00
     211    292 A:HOH_2079:_OW_        294 A:HOH_2079:_HW2         10.00
     212    295 A:HOH_2080:_OW_        296 A:HOH_2080:_HW1         10.00
     213    295 A:HOH_2080:_OW_        297 A:HOH_2080:_HW2         10.00
     214    298 A:HOH_2081:_OW_        299 A:HOH_2081:_HW1         10.00
     215    298 A:HOH_2081:_OW_        300 A:HOH_2081:_HW2         10.00
     216    301 A:HOH_2082:_OW_        302 A:HOH_2082:_HW1         10.00
     217    301 A:HOH_2082:_OW_        303 A:HOH_2082:_HW2         10.00
     218    304 A:HOH_2083:_OW_        305 A:HOH_2083:_HW1         10.00
     219    304 A:HOH_2083:_OW_        306 A:HOH_2083:_HW2         10.00
     220    307 A:HOH_2084:_OW_        308 A:HOH_2084:_HW1         10.00
     221    307 A:HOH_2084:_OW_        309 A:HOH_2084:_HW2         10.00
     222    310 A:HOH_2085:_OW_        311 A:HOH_2085:_HW1         10.00
     223    310 A:HOH_2085:_OW_        312 A:HOH_2085:_HW2         10.00
     224    313 A:HOH_2086:_OW_        314 A:HOH_2086:_HW1         10.00
     225    313 A:HOH_2086:_OW_        315 A:HOH_2086:_HW2         10.00
     226    316 A:HOH_2087:_OW_        317 A:HOH_2087:_HW1         10.00
     227    316 A:HOH_2087:_OW_        318 A:HOH_2087:_HW2         10.00
     228    319 A:HOH_2088:_OW_        320 A:HOH_2088:_HW1         10.00
     229    319 A:HOH_2088:_OW_        321 A:HOH_2088:_HW2         10.00
     230    322 A:HOH_2089:_OW_        323 A:HOH_2089:_HW1         10.00
     231    322 A:HOH_2089:_OW_        324 A:HOH_2089:_HW2         10.00
     232    325 A:HOH_2090:_OW_        326 A:HOH_2090:_HW1         10.00
     233    325 A:HOH_2090:_OW_        327 A:HOH_2090:_HW2         10.00
     234    328 A:HOH_2091:_OW_        329 A:HOH_2091:_HW1         10.00
     235    328 A:HOH_2091:_OW_        330 A:HOH_2091:_HW2         10.00
     236    331 A:HOH_2092:_OW_        332 A:HOH_2092:_HW1         10.00
     237    331 A:HOH_2092:_OW_        333 A:HOH_2092:_HW2         10.00
     238    334 A:HOH_2093:_OW_        335 A:HOH_2093:_HW1         10.00
     239    334 A:HOH_2093:_OW_        336 A:HOH_2093:_HW2         10.00
     240    337 A:HOH_2094:_OW_        338 A:HOH_2094:_HW1         10.00
     241    337 A:HOH_2094:_OW_        339 A:HOH_2094:_HW2         10.00
     242    340 A:HOH_2095:_OW_        341 A:HOH_2095:_HW1         10.00
     243    340 A:HOH_2095:_OW_        342 A:HOH_2095:_HW2         10.00
     244    343 A:HOH_2096:_OW_        344 A:HOH_2096:_HW1         10.00
     245    343 A:HOH_2096:_OW_        345 A:HOH_2096:_HW2         10.00
     246    346 A:HOH_2097:_OW_        347 A:HOH_2097:_HW1         10.00
     247    346 A:HOH_2097:_OW_        348 A:HOH_2097:_HW2         10.00
     248    349 A:HOH_2098:_OW_        350 A:HOH_2098:_HW1         10.00
     249    349 A:HOH_2098:_OW_        351 A:HOH_2098:_HW2         10.00
     250    352 A:HOH_2099:_OW_        353 A:HOH_2099:_HW1         10.00
     251    352 A:HOH_2099:_OW_        354 A:HOH_2099:_HW2         10.00
     252    355 A:HOH_2100:_OW_        356 A:HOH_2100:_HW1         10.00
     253    355 A:HOH_2100:_OW_        357 A:HOH_2100:_HW2         10.00
     254    358 A:HOH_2101:_OW_        359 A:HOH_2101:_HW1         10.00
     255    358 A:HOH_2101:_OW_        360 A:HOH_2101:_HW2         10.00
     256    361 A:HOH_2102:_OW_        362 A:HOH_2102:_HW1         10.00
     257    361 A:HOH_2102:_OW_        363 A:HOH_2102:_HW2         10.00
     258    364 A:HOH_2103:_OW_        365 A:HOH_2103:_HW1         10.00
     259    364 A:HOH_2103:_OW_        366 A:HOH_2103:_HW2         10.00
     260    367 A:HOH_2104:_O__        368 A:HOH_2104:_H1_         10.00
     261    367 A:HOH_2104:_O__        369 A:HOH_2104:_H2_         10.00
     262    370 A:HOH_2105:_OW_        371 A:HOH_2105:_HW1         10.00
     263    370 A:HOH_2105:_OW_        372 A:HOH_2105:_HW2         10.00
     264    373 A:HOH_2106:_OW_        374 A:HOH_2106:_HW1         10.00
     265    373 A:HOH_2106:_OW_        375 A:HOH_2106:_HW2         10.00
     266    376 A:HOH_2107:_OW_        377 A:HOH_2107:_HW1         10.00
     267    376 A:HOH_2107:_OW_        378 A:HOH_2107:_HW2         10.00
     268    379 A:HOH_2108:_OW_        380 A:HOH_2108:_HW1         10.00
     269    379 A:HOH_2108:_OW_        381 A:HOH_2108:_HW2         10.00
     270    382 A:HOH_2109:_OW_        383 A:HOH_2109:_HW1         10.00
     271    382 A:HOH_2109:_OW_        384 A:HOH_2109:_HW2         10.00
     272    385 A:HOH_2110:_OW_        386 A:HOH_2110:_HW1         10.00
     273    385 A:HOH_2110:_OW_        387 A:HOH_2110:_HW2         10.00
     274    388 A:HOH_2111:_OW_        389 A:HOH_2111:_HW1         10.00
     275    388 A:HOH_2111:_OW_        390 A:HOH_2111:_HW2         10.00
     276    391 A:HOH_2112:_OW_        392 A:HOH_2112:_HW1         10.00
     277    391 A:HOH_2112:_OW_        393 A:HOH_2112:_HW2         10.00
     278    394 A:HOH_2113:_OW_        395 A:HOH_2113:_HW1         10.00
     279    394 A:HOH_2113:_OW_        396 A:HOH_2113:_HW2         10.00
     280    397 A:HOH_2114:_OW_        398 A:HOH_2114:_HW1         10.00
     281    397 A:HOH_2114:_OW_        399 A:HOH_2114:_HW2         10.00
     282    400 A:HOH_2115:_OW_        401 A:HOH_2115:_HW1         10.00
     283    400 A:HOH_2115:_OW_        402 A:HOH_2115:_HW2         10.00
     284    403 A:HOH_2116:_OW_        404 A:HOH_2116:_HW1         10.00
     285    403 A:HOH_2116:_OW_        405 A:HOH_2116:_HW2         10.00
     286    406 A:HOH_2117:_OW_        407 A:HOH_2117:_HW1         10.00
     287    406 A:HOH_2117:_OW_        408 A:HOH_2117:_HW2         10.00
     288    409 A:HOH_2118:_OW_        410 A:HOH_2118:_HW1         10.00
     289    409 A:HOH_2118:_OW_        411 A:HOH_2118:_HW2         10.00
     290    412 A:HOH_2119:_OW_        413 A:HOH_2119:_HW1         10.00
     291    412 A:HOH_2119:_OW_        414 A:HOH_2119:_HW2         10.00
     292    415 A:HOH_2120:_OW_        416 A:HOH_2120:_HW1         10.00
     293    415 A:HOH_2120:_OW_        417 A:HOH_2120:_HW2         10.00
     294    418 A:HOH_2121:_OW_        419 A:HOH_2121:_HW1         10.00
     295    418 A:HOH_2121:_OW_        420 A:HOH_2121:_HW2         10.00
     296    421 A:HOH_2122:_OW_        422 A:HOH_2122:_HW1         10.00
     297    421 A:HOH_2122:_OW_        423 A:HOH_2122:_HW2         10.00
     298    424 A:HOH_2123:_O__        425 A:HOH_2123:_H1_         10.00
     299    424 A:HOH_2123:_O__        426 A:HOH_2123:_H2_         10.00
     300    427 A:HOH_2124:_O__        428 A:HOH_2124:_H1_         10.00
     301    427 A:HOH_2124:_O__        429 A:HOH_2124:_H2_         10.00
     302    430 A:HOH_2125:_O__        431 A:HOH_2125:_H1_         10.00
     303    430 A:HOH_2125:_O__        432 A:HOH_2125:_H2_         10.00
     304    433 A:HOH_2126:_OW_        434 A:HOH_2126:_HW1         10.00
     305    433 A:HOH_2126:_OW_        435 A:HOH_2126:_HW2         10.00
     306    436 A:HOH_2127:_OW_        437 A:HOH_2127:_HW1         10.00
     307    436 A:HOH_2127:_OW_        438 A:HOH_2127:_HW2         10.00
     308    439 A:HOH_2128:_OW_        440 A:HOH_2128:_HW1         10.00
     309    439 A:HOH_2128:_OW_        441 A:HOH_2128:_HW2         10.00
     310    442 A:HOH_2129:_OW_        443 A:HOH_2129:_HW1         10.00
     311    442 A:HOH_2129:_OW_        444 A:HOH_2129:_HW2         10.00
     312    445 A:HOH_2130:_OW_        446 A:HOH_2130:_HW1         10.00
     313    445 A:HOH_2130:_OW_        447 A:HOH_2130:_HW2         10.00
     314    448 A:HOH_2131:_OW_        449 A:HOH_2131:_HW1         10.00
     315    448 A:HOH_2131:_OW_        450 A:HOH_2131:_HW2         10.00
     316    451 A:HOH_2132:_OW_        452 A:HOH_2132:_HW1         10.00
     317    451 A:HOH_2132:_OW_        453 A:HOH_2132:_HW2         10.00
     318    454 B:HOH_2001:_OW_        455 B:HOH_2001:_HW1         10.00
     319    454 B:HOH_2001:_OW_        456 B:HOH_2001:_HW2         10.00
     320    457 B:HOH_2002:_OW_        458 B:HOH_2002:_HW1         10.00
     321    457 B:HOH_2002:_OW_        459 B:HOH_2002:_HW2         10.00
     322    460 B:HOH_2003:_OW_        461 B:HOH_2003:_HW1         10.00
     323    460 B:HOH_2003:_OW_        462 B:HOH_2003:_HW2         10.00
     324    463 B:HOH_2004:_OW_        464 B:HOH_2004:_HW1         10.00
     325    463 B:HOH_2004:_OW_        465 B:HOH_2004:_HW2         10.00
     326    466 B:HOH_2005:_OW_        467 B:HOH_2005:_HW1         10.00
     327    466 B:HOH_2005:_OW_        468 B:HOH_2005:_HW2         10.00
     328    469 B:HOH_2006:_OW_        470 B:HOH_2006:_HW1         10.00
     329    469 B:HOH_2006:_OW_        471 B:HOH_2006:_HW2         10.00
     330    472 B:HOH_2007:_OW_        473 B:HOH_2007:_HW1         10.00
     331    472 B:HOH_2007:_OW_        474 B:HOH_2007:_HW2         10.00
     332    475 B:HOH_2008:_OW_        476 B:HOH_2008:_HW1         10.00
     333    475 B:HOH_2008:_OW_        477 B:HOH_2008:_HW2         10.00
     334    478 B:HOH_2009:_OW_        479 B:HOH_2009:_HW1         10.00
     335    478 B:HOH_2009:_OW_        480 B:HOH_2009:_HW2         10.00
     336    481 B:HOH_2010:_OW_        482 B:HOH_2010:_HW1         10.00
     337    481 B:HOH_2010:_OW_        483 B:HOH_2010:_HW2         10.00
     338    484 B:HOH_2011:_OW_        485 B:HOH_2011:_HW1         10.00
     339    484 B:HOH_2011:_OW_        486 B:HOH_2011:_HW2         10.00
     340    487 B:HOH_2012:_OW_        488 B:HOH_2012:_HW1         10.00
     341    487 B:HOH_2012:_OW_        489 B:HOH_2012:_HW2         10.00
    3163   3272 A:TPO_287:_P__        3275 A:TPO_287:_O3P           5.07
    3164   3264 A:TPO_287:_C__        3265 A:TPO_287:_O__           5.78
    3181   3281 A:TPO_288:_C__        3282 A:TPO_288:_O__           5.95
 
 ATTN:  large angle energies found:
 #,atoms,energy,angle,eq
       9 A:ADP_1388:_O1 A:ADP_1388:_PA A:ADP_1388:_O5    5.3  102.7  115.9
      72 A:SO4_1391:_O1 A:SO4_1391:_S_ A:SO4_1391:_O2    6.1  107.0  120.2
      74 A:SO4_1391:_O1 A:SO4_1391:_S_ A:SO4_1391:_O4   11.6  101.9  120.2
      76 A:SO4_1391:_O2 A:SO4_1391:_S_ A:SO4_1391:_O4    5.4  107.7  120.2
      78 A:SO4_1392:_O1 A:SO4_1392:_S_ A:SO4_1392:_O2    7.9  105.2  120.2
      80 A:SO4_1392:_O1 A:SO4_1392:_S_ A:SO4_1392:_O4   11.5  102.0  120.2
      82 A:SO4_1392:_O2 A:SO4_1392:_S_ A:SO4_1392:_O4    5.8  107.3  120.2
      84 A:SO4_1393:_O1 A:SO4_1393:_S_ A:SO4_1393:_O2    7.0  106.0  120.2
      86 A:SO4_1393:_O1 A:SO4_1393:_S_ A:SO4_1393:_O4   12.3  101.4  120.2
      88 A:SO4_1393:_O2 A:SO4_1393:_S_ A:SO4_1393:_O4    6.3  106.8  120.2
 Cannot determine cbeta atoms for A:ADP_1388  
 Cannot determine cbeta atoms for A:MG_1389   
 Cannot determine cbeta atoms for A:MG_1390   
 Cannot determine cbeta atoms for A:SO4_1391  
 Cannot determine cbeta atoms for A:SO4_1392  
 Cannot determine cbeta atoms for A:SO4_1393  
 Cannot determine cbeta atoms for A:MG_1394   
 Cannot determine cbeta atoms for A:HOH_2001  
 Cannot determine cbeta atoms for A:HOH_2002  
 Cannot determine cbeta atoms for A:HOH_2003  
 Cannot determine cbeta atoms for A:HOH_2004  
 Cannot determine cbeta atoms for A:HOH_2005  
 Cannot determine cbeta atoms for A:HOH_2006  
 Cannot determine cbeta atoms for A:HOH_2007  
 Cannot determine cbeta atoms for A:HOH_2008  
 Cannot determine cbeta atoms for A:HOH_2009  
 Cannot determine cbeta atoms for A:HOH_2010  
 Cannot determine cbeta atoms for A:HOH_2011  
 Cannot determine cbeta atoms for A:HOH_2012  
 Cannot determine cbeta atoms for A:HOH_2013  
 Cannot determine cbeta atoms for A:HOH_2014  
 Cannot determine cbeta atoms for A:HOH_2015  
 Cannot determine cbeta atoms for A:HOH_2016  
 Cannot determine cbeta atoms for A:HOH_2017  
 Cannot determine cbeta atoms for A:HOH_2018  
 Cannot determine cbeta atoms for A:HOH_2019  
 Cannot determine cbeta atoms for A:HOH_2020  
 Cannot determine cbeta atoms for A:HOH_2021  
 Cannot determine cbeta atoms for A:HOH_2022  
 Cannot determine cbeta atoms for A:HOH_2023  
 Cannot determine cbeta atoms for A:HOH_2024  
 Cannot determine cbeta atoms for A:HOH_2025  
 Cannot determine cbeta atoms for A:HOH_2026  
 Cannot determine cbeta atoms for A:HOH_2027  
 Cannot determine cbeta atoms for A:HOH_2028  
 Cannot determine cbeta atoms for A:HOH_2029  
 Cannot determine cbeta atoms for A:HOH_2030  
 Cannot determine cbeta atoms for A:HOH_2031  
 Cannot determine cbeta atoms for A:HOH_2032  
 Cannot determine cbeta atoms for A:HOH_2033  
 Cannot determine cbeta atoms for A:HOH_2034  
 Cannot determine cbeta atoms for A:HOH_2035  
 Cannot determine cbeta atoms for A:HOH_2036  
 Cannot determine cbeta atoms for A:HOH_2037  
 Cannot determine cbeta atoms for A:HOH_2038  
 Cannot determine cbeta atoms for A:HOH_2039  
 Cannot determine cbeta atoms for A:HOH_2040  
 Cannot determine cbeta atoms for A:HOH_2041  
 Cannot determine cbeta atoms for A:HOH_2042  
 Cannot determine cbeta atoms for A:HOH_2043  
 Cannot determine cbeta atoms for A:HOH_2044  
 Cannot determine cbeta atoms for A:HOH_2045  
 Cannot determine cbeta atoms for A:HOH_2046  
 Cannot determine cbeta atoms for A:HOH_2047  
 Cannot determine cbeta atoms for A:HOH_2048  
 Cannot determine cbeta atoms for A:HOH_2049  
 Cannot determine cbeta atoms for A:HOH_2050  
 Cannot determine cbeta atoms for A:HOH_2051  
 Cannot determine cbeta atoms for A:HOH_2052  
 Cannot determine cbeta atoms for A:HOH_2053  
 Cannot determine cbeta atoms for A:HOH_2054  
 Cannot determine cbeta atoms for A:HOH_2055  
 Cannot determine cbeta atoms for A:HOH_2056  
 Cannot determine cbeta atoms for A:HOH_2057  
 Cannot determine cbeta atoms for A:HOH_2058  
 Cannot determine cbeta atoms for A:HOH_2059  
 Cannot determine cbeta atoms for A:HOH_2060  
 Cannot determine cbeta atoms for A:HOH_2061  
 Cannot determine cbeta atoms for A:HOH_2062  
 Cannot determine cbeta atoms for A:HOH_2063  
 Cannot determine cbeta atoms for A:HOH_2064  
 Cannot determine cbeta atoms for A:HOH_2065  
 Cannot determine cbeta atoms for A:HOH_2066  
 Cannot determine cbeta atoms for A:HOH_2067  
 Cannot determine cbeta atoms for A:HOH_2068  
 Cannot determine cbeta atoms for A:HOH_2069  
 Cannot determine cbeta atoms for A:HOH_2070  
 Cannot determine cbeta atoms for A:HOH_2071  
 Cannot determine cbeta atoms for A:HOH_2072  
 Cannot determine cbeta atoms for A:HOH_2073  
 Cannot determine cbeta atoms for A:HOH_2074  
 Cannot determine cbeta atoms for A:HOH_2075  
 Cannot determine cbeta atoms for A:HOH_2076  
 Cannot determine cbeta atoms for A:HOH_2077  
 Cannot determine cbeta atoms for A:HOH_2078  
 Cannot determine cbeta atoms for A:HOH_2079  
 Cannot determine cbeta atoms for A:HOH_2080  
 Cannot determine cbeta atoms for A:HOH_2081  
 Cannot determine cbeta atoms for A:HOH_2082  
 Cannot determine cbeta atoms for A:HOH_2083  
 Cannot determine cbeta atoms for A:HOH_2084  
 Cannot determine cbeta atoms for A:HOH_2085  
 Cannot determine cbeta atoms for A:HOH_2086  
 Cannot determine cbeta atoms for A:HOH_2087  
 Cannot determine cbeta atoms for A:HOH_2088  
 Cannot determine cbeta atoms for A:HOH_2089  
 Cannot determine cbeta atoms for A:HOH_2090  
 Cannot determine cbeta atoms for A:HOH_2091  
 Cannot determine cbeta atoms for A:HOH_2092  
 Cannot determine cbeta atoms for A:HOH_2093  
 Cannot determine cbeta atoms for A:HOH_2094  
 Cannot determine cbeta atoms for A:HOH_2095  
 Cannot determine cbeta atoms for A:HOH_2096  
 Cannot determine cbeta atoms for A:HOH_2097  
 Cannot determine cbeta atoms for A:HOH_2098  
 Cannot determine cbeta atoms for A:HOH_2099  
 Cannot determine cbeta atoms for A:HOH_2100  
 Cannot determine cbeta atoms for A:HOH_2101  
 Cannot determine cbeta atoms for A:HOH_2102  
 Cannot determine cbeta atoms for A:HOH_2103  
 Cannot determine cbeta atoms for A:HOH_2104  
 Cannot determine cbeta atoms for A:HOH_2105  
 Cannot determine cbeta atoms for A:HOH_2106  
 Cannot determine cbeta atoms for A:HOH_2107  
 Cannot determine cbeta atoms for A:HOH_2108  
 Cannot determine cbeta atoms for A:HOH_2109  
 Cannot determine cbeta atoms for A:HOH_2110  
 Cannot determine cbeta atoms for A:HOH_2111  
 Cannot determine cbeta atoms for A:HOH_2112  
 Cannot determine cbeta atoms for A:HOH_2113  
 Cannot determine cbeta atoms for A:HOH_2114  
 Cannot determine cbeta atoms for A:HOH_2115  
 Cannot determine cbeta atoms for A:HOH_2116  
 Cannot determine cbeta atoms for A:HOH_2117  
 Cannot determine cbeta atoms for A:HOH_2118  
 Cannot determine cbeta atoms for A:HOH_2119  
 Cannot determine cbeta atoms for A:HOH_2120  
 Cannot determine cbeta atoms for A:HOH_2121  
 Cannot determine cbeta atoms for A:HOH_2122  
 Cannot determine cbeta atoms for A:HOH_2123  
 Cannot determine cbeta atoms for A:HOH_2124  
 Cannot determine cbeta atoms for A:HOH_2125  
 Cannot determine cbeta atoms for A:HOH_2126  
 Cannot determine cbeta atoms for A:HOH_2127  
 Cannot determine cbeta atoms for A:HOH_2128  
 Cannot determine cbeta atoms for A:HOH_2129  
 Cannot determine cbeta atoms for A:HOH_2130  
 Cannot determine cbeta atoms for A:HOH_2131  
 Cannot determine cbeta atoms for A:HOH_2132  
 Cannot determine cbeta atoms for B:HOH_2001  
 Cannot determine cbeta atoms for B:HOH_2002  
 Cannot determine cbeta atoms for B:HOH_2003  
 Cannot determine cbeta atoms for B:HOH_2004  
 Cannot determine cbeta atoms for B:HOH_2005  
 Cannot determine cbeta atoms for B:HOH_2006  
 Cannot determine cbeta atoms for B:HOH_2007  
 Cannot determine cbeta atoms for B:HOH_2008  
 Cannot determine cbeta atoms for B:HOH_2009  
 Cannot determine cbeta atoms for B:HOH_2010  
 Cannot determine cbeta atoms for B:HOH_2011  
 Cannot determine cbeta atoms for B:HOH_2012  
 Cannot determine cbeta atoms for A:SER_388   
 Cannot determine cbeta atoms for B:LEU_22    
 
 Here are the parameters chosen for side predict:
 
  SC SCREENING PARAMETERS
   Initial overlap factor:   0.750000000000000     
   Minimum overlap factor:   0.000000000000000E+000
   Rotamer library resolution:    10.0000000000000     
   Total iterations:            1
   SCs randomized prior to optimization.
   Current SC rotamers NOT added to library.
   DO NOT Remove SC Clashes Prior to Prediction
   New tree-based energy routines used.
   All energy components are used in rotamer ranking.
   If sampling not succeed, will NOT revert to original structure.
   Ecut for full energy updates:   -1.00000000000000     
   Ecut for full minimizations:   -1.00000000000000     
   SGB and LR updated after each cycle.
   Option for SGB update:            1
   Minimize after rotamer placement converged.
 
  MINIMIZATION PARAMETERS
   Desired final RMS gradient:  1.000000000000000E-002
   Maximum number of iterations to achieve self-consistency:            2
   Energy cutoff for determining self-consistency  0.100kcals/mol
   Maximum number of TN iterations:           65
   Iterations between NBlist/LR updates:            2
   LR forces will be updated less frequently than SR.
   NB list will NOT be updated during minim.
   SGB will be updated during minim.
   Option for SGB update:            1
   Born alpha will NOT be updated during minim
   NB Clashes will be used in the preconditioning
 Total side chains to be optimized:            2
 
 ------------------------------------------
 NOW PRE-SCREENING ROTAMER STATES ...
 (res, # after screen, # total, ofac, rmsd_min, rmsd_max, time)
   A:ARG_375       5237    5237   0.00  -1.00  -1.00   0.06s
   B:GLU_36         958     958   0.00  -1.00  -1.00   0.01s
 
 Randomizing side chain positions ...
 
 ------------------------------------------
 NOW PICKING ROTAMER STATE BY ENERGY ...
 (res, # rotamers, # evaluated, ofac, cluster #, 
 rot #, old rot #, rmsd, elib, times)
 nlist =            2
one_lib:  A:ARG_375       5237    1432  0.75   1  90  69649  69829 -1.0    -213.79    0.26s ****
one_lib:  B:GLU_36         958     409  0.75   1 258 240411 240162 -1.0    -233.18    0.04s ****
Time for iteration:     0.34s
Rotamer placement not converged; flips (rot,prot,tot):     2    0    2
 
 ------------------------------------------
 NOW PICKING ROTAMER STATE BY ENERGY ...
 (res, # rotamers, # evaluated, ofac, cluster #, 
 rot #, old rot #, rmsd, elib, times)
 nlist =            2
one_lib:  A:ARG_375       5237    1432  0.75   1  90  69649  69649 -1.0    -199.65    0.26s
one_lib:  B:GLU_36         958     409  0.75   1 258 240411 240411 -1.0    -219.30    0.03s
Time for iteration:     0.33s
 Rotamer placement converged. Now minimizing...
Summary of library results(time,ener):     0.92       -7989.45     0.48       -7995.88
SIDE_PRED Time:       1.70s
 
 Preparing for first energy calculation ...
 
 
 NOW REPORTING THE ENERGY (KCAL/MOL): 
 COVALENT ENERGIES:
                BOND           ANGLE             TOR           TOTAL
     COV     3208.311068      746.729699     1014.173561     4969.214327
     SGB    31924.570074   -12887.510702    -5452.834561    13584.224811
   TOTAL    35132.881142   -12140.781003    -4438.661000    18553.439139
    TIME        0.000s          0.000s          0.000s          0.000s   
 
 NONBONDED (INTRAMOLECULAR) ENERGIES:
                  14           SHORT            LONG           TOTAL
      LJ     2084.214437     -779.754519     -144.014481     1160.445436
    LIPO        0.000000    -1743.091565        0.000000    -1743.091565
      EL     7839.797080   -17063.025041     1269.402969    -7953.824993
     SGB    -5452.834561     6676.302594    -1151.295076       72.172957
   TOTAL     4471.176956   -12909.568533      -25.906589    -8464.298165
    TIME        0.000s          0.000s          0.000s          0.000s   
 
 OTHER:
SGB SELF   -23201.432628
NONPOLAR        0.000000
PROT COR        0.000000
   HBOND     -185.571885
 PACKING      -17.002078
SelfCont     -133.850951
 
 SUM:
 SGB TOT    -4092.200298
SOLV TOT    -4092.200298
LIPO TOT    -1743.091565
  TOTALE  -7995.882007483    
 [NOTE: TOTAL ENERGY = COV_TOT + NB_TOT + OTHER - SGB_14|SGB_TOR]
 
 NOW REPORTING THE ENERGY (KCAL/MOL): 
 COVALENT ENERGIES:
                BOND           ANGLE             TOR           TOTAL
     COV     3208.311068      746.729699     1014.173561     4969.214327
     SGB    31924.570074   -12887.510702    -5452.834561    13584.224811
   TOTAL    35132.881142   -12140.781003    -4438.661000    18553.439139
    TIME        0.000s          0.000s          0.000s          0.000s   
 
 NONBONDED (INTRAMOLECULAR) ENERGIES:
                  14           SHORT            LONG           TOTAL
      LJ     2084.214437     -779.754519     -144.014481     1160.445436
    LIPO        0.000000    -1743.091565        0.000000    -1743.091565
      EL     7839.797080   -17063.025041     1269.402969    -7953.824993
     SGB    -5452.834561     6676.048969    -1152.097856       71.116553
   TOTAL     4471.176956   -12909.822157      -26.709369    -8465.354569
    TIME        0.000s          0.000s          0.000s          0.000s   
 
 OTHER:
SGB SELF   -23201.432628
NONPOLAR        0.000000
PROT COR        0.000000
   HBOND     -185.571885
 PACKING      -17.002078
SelfCont     -133.850951
 
 SUM:
 SGB TOT    -4093.256703
SOLV TOT    -4093.256703
LIPO TOT    -1743.091565
  TOTALE  -7996.938411721    
 [NOTE: TOTAL ENERGY = COV_TOT + NB_TOT + OTHER - SGB_14|SGB_TOR]
 
 Preparing for first energy calculation ...
 
 
 NOW REPORTING THE ENERGY (KCAL/MOL): 
 COVALENT ENERGIES:
                BOND           ANGLE             TOR           TOTAL
     COV     3208.311068      746.729699     1014.173561     4969.214327
     SGB    31924.570074   -12887.510702    -5452.834561    13584.224811
   TOTAL    35132.881142   -12140.781003    -4438.661000    18553.439139
    TIME        0.000s          0.000s          0.000s          0.000s   
 
 NONBONDED (INTRAMOLECULAR) ENERGIES:
                  14           SHORT            LONG           TOTAL
      LJ     2084.214437     -779.754519     -144.014481     1160.445436
    LIPO        0.000000    -1743.091565        0.000000    -1743.091565
      EL     7839.797080   -17063.025041     1269.402969    -7953.824993
     SGB    -5452.834561     6676.048969    -1152.097856       71.116553
   TOTAL     4471.176956   -12909.822157      -26.709369    -8465.354569
    TIME        0.000s          0.000s          0.000s          0.000s   
 
 OTHER:
SGB SELF   -23201.432628
NONPOLAR        0.000000
PROT COR        0.000000
   HBOND     -185.571885
 PACKING      -17.002078
SelfCont     -133.850951
 
 SUM:
 SGB TOT    -4093.256703
SOLV TOT    -4093.256703
LIPO TOT    -1743.091565
  TOTALE  -7996.938411721    
 [NOTE: TOTAL ENERGY = COV_TOT + NB_TOT + OTHER - SGB_14|SGB_TOR]
 
 NOW REPORTING THE ENERGY (KCAL/MOL): 
 COVALENT ENERGIES:
                BOND           ANGLE             TOR           TOTAL
     COV     3208.311068      746.729699     1014.173561     4969.214327
     SGB    31924.570074   -12887.510702    -5452.834561    13584.224811
   TOTAL    35132.881142   -12140.781003    -4438.661000    18553.439139
    TIME        0.000s          0.000s          0.000s          0.000s   
 
 NONBONDED (INTRAMOLECULAR) ENERGIES:
                  14           SHORT            LONG           TOTAL
      LJ     2084.214437     -779.754519     -144.014481     1160.445436
    LIPO        0.000000    -1743.091565        0.000000    -1743.091565
      EL     7839.797080   -17063.025041     1269.402969    -7953.824993
     SGB    -5452.834561     6676.048969    -1152.097856       71.116553
   TOTAL     4471.176956   -12909.822157      -26.709369    -8465.354569
    TIME        0.000s          0.000s          0.000s          0.000s   
 
 OTHER:
SGB SELF   -23201.432628
NONPOLAR        0.000000
PROT COR        0.000000
   HBOND     -185.571885
 PACKING      -17.002078
SelfCont     -133.850951
 
 SUM:
 SGB TOT    -4093.256703
SOLV TOT    -4093.256703
LIPO TOT    -1743.091565
  TOTALE  -7996.938411721    
 [NOTE: TOTAL ENERGY = COV_TOT + NB_TOT + OTHER - SGB_14|SGB_TOR]
 TOTAL TIME ELAPSED: 1ol5-missing-side-chains_0          32.656s
 RETURNED LICENSE
Post-processing output...
  Processing output structure #1
Post-processing complete.


