
** Heavy-atom coordinates will be fixed: maxlevel set to 0
  **
  ** Beginning refinement level 0
  **

170228-10:56:15 WARNING There seems to be a user specific host file located at /Users/albaness/.schrodinger/schrodinger.hosts. Support for user specific host files is deprecated and might be removed in a future release. Please use the hosts file from the installation /opt/schrodinger/suites2016-4.
Impact: WARNING There seems to be a user specific host file located at /Users/albaness/.schrodinger/schrodinger.hosts. Support for user specific host files is deprecated and might be removed in a future release. Please use the hosts file from the installation /opt/schrodinger/suites2016-4.
%IMPACT-I (openwt): Request to open FORMATTED file 1ol5-impref_ref0.out on unit   2
 Entering IMPACT execution environment 
 Date: Tuesday, February 28 2017, at 10:56:16 EST
 Impact version 73015
 mmshare version        36015
 Copyright (c) Schrodinger, LLC.
 All Rights Reserved.

 Host: Darwin lski1985 14.5.0 Darwin Kernel Version 14.5.0: Sun Sep 25 22:07:15 PDT 2016; root:xnu-2782.50.9~1/RELEASE_X86_64 x86_64
 Job Name: 1ol5-impref_ref0
 SCHRODINGER  directory: /opt/schrodinger/suites2016-4
 IMPACT_EXEC  directory: /opt/schrodinger/suites2016-4/impact-v7.3/bin/Darwin-x86_64
 MMSHARE_EXEC directory: /opt/schrodinger/suites2016-4/mmshare-v3.6/bin/Darwin-x86_64

 Clock-based global random seed:     1488297376
%IMPACT-I(foldmain): calling OPLS_2005 atomtyping ...
%IMPACT-I(foldmain): finished parameter assignment
 PARM read from file "paramstd.dat"
 Parameter obtained from atomtyping
      Current coord. are written to file: "1ol5-impref.init_coord.rst"
      Box dimensions not written


 Total number of atoms  =  5421
 
 Neighbor List Cutoff Settings
 ==================================
 Cutoff radius:   10.0000000000000     
 Update frequency: every           10  steps
 Species   1 : Neighbors are calculated on a per residue basis
 Species   1 : Cutoff by inter-atomic distances
 
 Step number:          0         Non-bonded count:  1334898
 E-pot        RMS grad     Max grad    
 -1.01915E+04  4.80776E+01  1.24560E+03
 Step number:         10         Non-bonded count:  1334898
 -1.44833E+04  1.45126E+00  3.17366E+01
 Step number:         20         Non-bonded count:  1334898
 -1.47618E+04  1.99883E+00  6.67571E+01
 Step number:         30         Non-bonded count:  1334898
 -1.49034E+04  1.59849E+00  6.72471E+01
 Step number:         40         Non-bonded count:  1334898
 -1.50059E+04  1.09104E+00  3.41252E+01
 Step number:         50         Non-bonded count:  1334898
 -1.50689E+04  8.09368E-01  2.37773E+01
 Step number:         60         Non-bonded count:  1334898
 -1.51150E+04  6.48700E-01  1.93095E+01
 Step number:         70         Non-bonded count:  1334898
 -1.51435E+04  5.33634E-01  1.75927E+01
 Step number:         80         Non-bonded count:  1334898
 -1.51647E+04  5.04325E-01  1.54353E+01
 Step number:         90         Non-bonded count:  1334898
 -1.51809E+04  4.64210E-01  1.58923E+01
 Step number:        100         Non-bonded count:  1334898
 -1.51928E+04  3.22183E-01  1.31719E+01
 Step number:        100         Non-bonded count:  1334898
 -1.51928E+04  3.22183E-01  1.31719E+01
      Current coord. are written to file: "1ol5-impref.min0_coord.rst"
      Box dimensions not written
      Current coordinates are read from file: "1ol5-impref.init_coord.rst"
      Box dimensions not read
          read from "1ol5-impref.init_coord.rst"
  
 Energy and Force Generation Info: 
 --------------------------------- 
 Number of E&F called:     297
 PARM read from file "paramstd.dat"
 Parameter obtained from atomtyping
      Current coordinates are read from file: "1ol5-impref.min0_coord.rst"
      Box dimensions not read
          read from "1ol5-impref.min0_coord.rst"


 Total number of atoms  =  5421
 
 Neighbor List Cutoff Settings
 ==================================
 Cutoff radius:   10.0000000000000     
 Update frequency: every           10  steps
 Species   1 : Neighbors are calculated on a per residue basis
 Species   1 : Cutoff by inter-atomic distances
 
 Step number:          0         Non-bonded count:  1334898
 E-pot        RMS grad     Max grad    
 -1.39027E+04  2.84149E+00  2.82622E+01
 Step number:         10         Non-bonded count:  1334898
 -1.47025E+04  1.41985E+00  3.51067E+01
 Step number:         20         Non-bonded count:  1334898
 -1.48494E+04  1.02734E+00  2.15376E+01
 Step number:         30         Non-bonded count:  1334898
 -1.48971E+04  5.46244E-01  1.57514E+01
 Step number:         40         Non-bonded count:  1334898
 -1.49121E+04  2.48876E-01  6.25722E+00
 Step number:         50         Non-bonded count:  1334898
 -1.49176E+04  2.39870E-01  7.37126E+00
 Step number:         60         Non-bonded count:  1334898
 -1.49220E+04  2.05009E-01  4.75241E+00
 Step number:         70         Non-bonded count:  1334898
 -1.49244E+04  1.47903E-01  4.49696E+00
 Step number:         80         Non-bonded count:  1334898
 -1.49271E+04  2.50939E-01  9.10837E+00
 Step number:         90         Non-bonded count:  1334898
 -1.49295E+04  1.45639E-01  3.77809E+00
 Step number:        100         Non-bonded count:  1334898
 -1.49308E+04  1.22903E-01  4.20490E+00
 Step number:        100         Non-bonded count:  1334898
 -1.49308E+04  1.22903E-01  4.20490E+00
  
 Energy and Force Generation Info: 
 --------------------------------- 
 Number of E&F called:     586


Final Energy Reports:
------------------------------------
 Total Energy of the system...... -1.49308E+04 kcal/mol
 Total Potential Energy.......... -1.49308E+04 kcal/mol
 Total Kinetic Energy............  0.00000E+00 kcal/mol
 Temperature of the system.......        0.000 K
 Bond Stretch Energy.............  2.25229E+01 kcal/mol
 Angle Bending Energy............  3.15957E+02 kcal/mol
 Torsion Angle Energy............  1.37169E+02 kcal/mol
 Restraining Energy for Torsions.  0.00000E+00 kcal/mol
 1,4 Lennard Jones Energy........  4.63788E+02 kcal/mol
 1,4 Electrostatic Energy........ -4.43005E+02 kcal/mol
 Lennard Jones Energy............ -5.01283E+02 kcal/mol
 Electrostatic Energy............ -1.49260E+04 kcal/mol
 H-bond Energy...................  0.00000E+00 kcal/mol
 
 Exiting IMPACT execution environment 
 Date: Tuesday, February 28 2017, at 10:56:35 EST
%IMPACT-I (timit): Total CPU time =      19.65 seconds (   0.3 minutes)
Total elapsed time = 21 seconds
  ** Completed refinement level 0      rmsd =  0.093

** Refinement finished. Final level: 0

** The refined complex file is 1ol5-impref_ref.mae.
