
Working on structure 1
Fixing common structure mistakes...
  No mistakes were found
Pre-treating metals...
Done treating metals
Assigning bond orders...
  Using CCD: True
  No bond orders were changed
Removing and re-adding hydrogens...
Treating metals...
Creating di-sulfur bonds...
Converting Selenomethionines...
Detecting missing residue atoms...
Filling missing side chains using Prime...
Prime output file: /Users/albaness/github/AURKA_UMN/rcsb/1ol5-prepped/1ol5-missing-side-chains-out.maegz
Filling missing loops using Prime...
Prime output file: /Users/albaness/github/AURKA_UMN/rcsb/1ol5-prepped/1ol5-missing-loops-out.maegz
Finding het groups...
Coloring atoms by element (green carbons in hets)...
Finding het groups (for Epik)...
Processing 7 het groups...
  Using Epik with pH: 7.4
        and pH Range: 0.0
  Max states per het: 32
Running Epik on 4 het groups...
  Waiting for epik...
  Het A:ADP (1388): keeping all 1 state(s):
    State penalty: -0.00 kcal/mol; H-Bond count: 3.
  Het A:SO4 (1391): keeping all 1 state(s):
    State penalty: -0.00 kcal/mol; H-Bond count: 2.
  Het A:SO4 (1392): keeping all 1 state(s):
    State penalty: -0.00 kcal/mol; H-Bond count: 1.
  Het A:SO4 (1393): keeping all 1 state(s):
    State penalty: -0.00 kcal/mol; H-Bond count: 3.
Running ProtAssign...
  Uses -minimize option in ProtAssign
  Using PROPKA with pH: 7.4
  RUNNING: /opt/schrodinger/suites2016-4/utilities/protassign 1ol5-protassign.mae 1ol5-protassign-out.mae -NOJOBID -nowater -minimize -propka_pH 7.4
Optimize H-bond job completed.
Running restrained minimization...
  RMSD: 0.3
  Force field: 2005
  hydrogens only
done with preparation
Writing to file...
DONE. Output file: /Users/albaness/github/AURKA_UMN/rcsb/1ol5-prepped.pdb
