
** Heavy-atom coordinates will be fixed: maxlevel set to 0
  **
  ** Beginning refinement level 0
  **

170227-13:26:45 WARNING There seems to be a user specific host file located at /Users/albaness/.schrodinger/schrodinger.hosts. Support for user specific host files is deprecated and might be removed in a future release. Please use the hosts file from the installation /opt/schrodinger/suites2016-4.
Impact: WARNING There seems to be a user specific host file located at /Users/albaness/.schrodinger/schrodinger.hosts. Support for user specific host files is deprecated and might be removed in a future release. Please use the hosts file from the installation /opt/schrodinger/suites2016-4.
%IMPACT-I (openwt): Request to open FORMATTED file 1ol5-impref_ref0.out on unit   2
 Entering IMPACT execution environment 
 Date: Monday, February 27 2017, at 13:26:46 EST
 Impact version 73015
 mmshare version        36015
 Copyright (c) Schrodinger, LLC.
 All Rights Reserved.

 Host: Darwin lski1985 14.5.0 Darwin Kernel Version 14.5.0: Sun Sep 25 22:07:15 PDT 2016; root:xnu-2782.50.9~1/RELEASE_X86_64 x86_64
 Job Name: 1ol5-impref_ref0
 SCHRODINGER  directory: /opt/schrodinger/suites2016-4
 IMPACT_EXEC  directory: /opt/schrodinger/suites2016-4/impact-v7.3/bin/Darwin-x86_64
 MMSHARE_EXEC directory: /opt/schrodinger/suites2016-4/mmshare-v3.6/bin/Darwin-x86_64

 Clock-based global random seed:     1488220006
%IMPACT-I(foldmain): calling OPLS_2005 atomtyping ...
%IMPACT-I(foldmain): finished parameter assignment
 PARM read from file "paramstd.dat"
 Parameter obtained from atomtyping
      Current coord. are written to file: "1ol5-impref.init_coord.rst"
      Box dimensions not written


 Total number of atoms  =  5436
 
 Neighbor List Cutoff Settings
 ==================================
 Cutoff radius:   10.0000000000000     
 Update frequency: every           10  steps
 Species   1 : Neighbors are calculated on a per residue basis
 Species   1 : Cutoff by inter-atomic distances
 
 Step number:          0         Non-bonded count:  1336947
 E-pot        RMS grad     Max grad    
 -1.01608E+04  4.80104E+01  1.24560E+03
 Step number:         10         Non-bonded count:  1336947
 -1.44560E+04  1.45040E+00  3.16345E+01
 Step number:         20         Non-bonded count:  1336947
 -1.47358E+04  1.98405E+00  6.81848E+01
 Step number:         30         Non-bonded count:  1336947
 -1.48764E+04  1.58207E+00  6.37950E+01
 Step number:         40         Non-bonded count:  1336947
 -1.49775E+04  1.08848E+00  3.55556E+01
 Step number:         50         Non-bonded count:  1336947
 -1.50406E+04  8.25666E-01  2.17059E+01
 Step number:         60         Non-bonded count:  1336947
 -1.50875E+04  6.95970E-01  2.10048E+01
 Step number:         70         Non-bonded count:  1336947
 -1.51152E+04  5.76765E-01  2.59534E+01
 Step number:         80         Non-bonded count:  1336947
 -1.51365E+04  4.75471E-01  1.60313E+01
 Step number:         90         Non-bonded count:  1336947
 -1.51546E+04  3.90985E-01  1.51175E+01
 Step number:        100         Non-bonded count:  1336947
 -1.51667E+04  3.28762E-01  7.78356E+00
 Step number:        100         Non-bonded count:  1336947
 -1.51667E+04  3.28762E-01  7.78356E+00
      Current coord. are written to file: "1ol5-impref.min0_coord.rst"
      Box dimensions not written
      Current coordinates are read from file: "1ol5-impref.init_coord.rst"
      Box dimensions not read
          read from "1ol5-impref.init_coord.rst"
  
 Energy and Force Generation Info: 
 --------------------------------- 
 Number of E&F called:     302
 PARM read from file "paramstd.dat"
 Parameter obtained from atomtyping
      Current coordinates are read from file: "1ol5-impref.min0_coord.rst"
      Box dimensions not read
          read from "1ol5-impref.min0_coord.rst"


 Total number of atoms  =  5436
 
 Neighbor List Cutoff Settings
 ==================================
 Cutoff radius:   10.0000000000000     
 Update frequency: every           10  steps
 Species   1 : Neighbors are calculated on a per residue basis
 Species   1 : Cutoff by inter-atomic distances
 
 Step number:          0         Non-bonded count:  1336947
 E-pot        RMS grad     Max grad    
 -1.38662E+04  2.84823E+00  2.82248E+01
 Step number:         10         Non-bonded count:  1336947
 -1.47030E+04  1.45142E+00  4.52202E+01
 Step number:         20         Non-bonded count:  1336947
 -1.48278E+04  8.54929E-01  3.15527E+01
 Step number:         30         Non-bonded count:  1336947
 -1.48765E+04  5.50466E-01  1.97907E+01
 Step number:         40         Non-bonded count:  1336947
 -1.48891E+04  2.88022E-01  1.26816E+01
 Step number:         50         Non-bonded count:  1336947
 -1.48945E+04  2.30113E-01  6.04067E+00
 Step number:         60         Non-bonded count:  1336947
 -1.48987E+04  2.24076E-01  4.88466E+00
 Step number:         70         Non-bonded count:  1336947
 -1.49012E+04  1.80347E-01  4.57254E+00
 Step number:         80         Non-bonded count:  1336947
 -1.49037E+04  2.39213E-01  8.23812E+00
 Step number:         90         Non-bonded count:  1336947
 -1.49062E+04  1.69494E-01  4.56651E+00
 Step number:        100         Non-bonded count:  1336947
 -1.49075E+04  1.21799E-01  3.53306E+00
 Step number:        100         Non-bonded count:  1336947
 -1.49075E+04  1.21799E-01  3.53306E+00
  
 Energy and Force Generation Info: 
 --------------------------------- 
 Number of E&F called:     582


Final Energy Reports:
------------------------------------
 Total Energy of the system...... -1.49075E+04 kcal/mol
 Total Potential Energy.......... -1.49075E+04 kcal/mol
 Total Kinetic Energy............  0.00000E+00 kcal/mol
 Temperature of the system.......        0.000 K
 Bond Stretch Energy.............  2.26641E+01 kcal/mol
 Angle Bending Energy............  3.16131E+02 kcal/mol
 Torsion Angle Energy............  1.35806E+02 kcal/mol
 Restraining Energy for Torsions.  0.00000E+00 kcal/mol
 1,4 Lennard Jones Energy........  4.64518E+02 kcal/mol
 1,4 Electrostatic Energy........ -4.48755E+02 kcal/mol
 Lennard Jones Energy............ -5.01934E+02 kcal/mol
 Electrostatic Energy............ -1.48959E+04 kcal/mol
 H-bond Energy...................  0.00000E+00 kcal/mol
 
 Exiting IMPACT execution environment 
 Date: Monday, February 27 2017, at 13:27:06 EST
%IMPACT-I (timit): Total CPU time =      20.27 seconds (   0.3 minutes)
Total elapsed time = 21 seconds
  ** Completed refinement level 0      rmsd =  0.092

** Refinement finished. Final level: 0

** The refined complex file is 1ol5-impref_ref.mae.
