  Running PropKa to get pKas

Clusters to optimize:
    Cluster 1:
        A:GLN 127 
        B:ASP 15 
        B:SER 14 : HG 
        A:SER 123 : HG 
    Cluster 2:
        A:ASN 146 
        A:TYR 148 : HH 
    Cluster 3:
        A:GLN 154 
    Cluster 4:
        A:GLN 168 
    Cluster 5:
        A:GLN 177 
    Cluster 6:
        A:GLN 185 
    Cluster 7:
        A:ASN 192 
        A:HID 190 
    Cluster 8:
        A:GLN 223 
        A:TYR 219 : HH 
    Cluster 9:
        A:GLN 231 
        A:THR 235 : HG1
    Cluster 10:
        A:ASN 242 
    Cluster 11:
        A:ASN 261 
        A:ASP 274 
        A:ASP 256 
        A:GLU 181 
        A:THR 292 : HG1
        A:LYS 258 
        A:LYS 162 
    Cluster 12:
        A:ASN 332 
    Cluster 13:
        A:GLN 335 
    Cluster 14:
        A:ASN 367 
        A:SER 369 : HG 
        A:GLN 370 
    Cluster 15:
        A:ASN 386 
    Cluster 16:
        B:ASN 18 
        B:SER 21 : HG 
        B:SER 20 : HG 
    Cluster 17:
        B:GLN 29 
        B:GLU 25 
    Cluster 18:
        B:ASN 30 
        B:SER 33 : HG 
    Cluster 19:
        B:ASN 40 
    Cluster 20:
        B:ASN 43 
    Cluster 21:
        A:LYS 124 
    Cluster 22:
        A:LYS 125 
        B:ASP 27 
    Cluster 23:
        A:LYS 141 
    Cluster 24:
        A:LYS 143 
    Cluster 25:
        A:LYS 153 
    Cluster 26:
        A:LYS 156 
    Cluster 27:
        A:LYS 166 
        A:HID 201 
    Cluster 28:
        A:LYS 171 
    Cluster 29:
        A:LYS 224 
    Cluster 30:
        A:LYS 227 
    Cluster 31:
        A:LYS 250 
        B:GLU 36 
        B:ASP 32 
        A:TYR 246 : HH 
    Cluster 32:
        A:LYS 271 
        A:GLU 211 
    Cluster 33:
        A:LYS 309 
    Cluster 34:
        A:LYS 326 
    Cluster 35:
        A:LYS 339 
        A:GLU 336 
    Cluster 36:
        A:LYS 365 
    Cluster 37:
        B:LYS 38 
    Cluster 38:
        A:HID 176 
    Cluster 39:
        A:HID 187 
        A:SER 186 : HG 
    Cluster 40:
        A:HID 248 
        A:ASP 311 
        A:GLU 308 
    Cluster 41:
        A:HID 254 
        A:SER 278 : HG 
    Cluster 42:
        A:HID 280 
    Cluster 43:
        A:HID 306 
    Cluster 44:
        A:HID 366 
        A:GLU 302 
        A:SER 342 : HG 
    Cluster 45:
        A:HID 380 
        A:ASP 358 
    Cluster 46:
        A:SER 155 : HG 
        A:GLU 152 
    Cluster 47:
        A:TYR 197 : HH 
    Cluster 48:
        A:TYR 199 : HH 
    Cluster 49:
        A:THR 204 : HG1
        A:ASP 202 
        A:TYR 207 : HH 
    Cluster 50:
        A:TYR 212 : HH 
    Cluster 51:
        A:THR 217 : HG1
    Cluster 52:
        A:SER 226 : HG 
    Cluster 53:
        A:THR 233 : HG1
    Cluster 54:
        A:TYR 236 : HH 
    Cluster 55:
        A:THR 238 : HG1
        A:SER 387 : HG 
    Cluster 56:
        A:SER 245 : HG 
    Cluster 57:
        A:CYS 247 : HG 
    Cluster 58:
        A:SER 249 : HG 
    Cluster 59:
        A:SER 266 : HG 
    Cluster 60:
        A:SER 283 : HG 
    Cluster 61:
        A:SER 284 : HG 
    Cluster 62:
        A:CYS 290 : HG 
    Cluster 63:
        A:TYR 295 : HH 
        A:GLU 321 
    Cluster 64:
        A:SER 314 : HG 
    Cluster 65:
        A:CYS 319 : HG 
    Cluster 66:
        A:TYR 320 : HH 
    Cluster 67:
        A:THR 333 : HG1
    Cluster 68:
        A:TYR 334 : HH 
    Cluster 69:
        A:THR 337 : HG1
    Cluster 70:
        A:TYR 338 : HH 
    Cluster 71:
        A:THR 347 : HG1
    Cluster 72:
        A:THR 353 : HG1
        A:GLU 230 
    Cluster 73:
        A:SER 361 : HG 
    Cluster 74:
        A:THR 384 : HG1
    Cluster 75:
        B:SER 7 : HG 
    Cluster 76:
        B:TYR 8 : HH 
        A:GLU 170 
    Cluster 77:
        B:SER 9 : HG 
    Cluster 78:
        B:TYR 10 : HH 
    Cluster 79:
        B:THR 28 : HG1
    Cluster 80:
        A:ADP 1388 :HO3'
        A:ADP 1388 :HO2'
    Cluster 81:
        A:GLU 131 
    Cluster 82:
        A:ASP 132 
    Cluster 83:
        A:GLU 134 
    Cluster 84:
        A:GLU 175 
    Cluster 85:
        A:GLU 183 
    Cluster 86:
        A:GLU 221 
    Cluster 87:
        A:ASP 229 
    Cluster 88:
        A:GLU 239 
    Cluster 89:
        A:GLU 260 
    Cluster 90:
        A:GLU 269 
    Cluster 91:
        A:ASP 294 
    Cluster 92:
        A:GLU 299 
    Cluster 93:
        A:ASP 307 
    Cluster 94:
        A:GLU 330 
    Cluster 95:
        A:GLU 345 
    Cluster 96:
        A:ASP 350 
    Cluster 97:
        A:GLU 354 
    Cluster 98:
        A:GLU 376 
    Cluster 99:
        A:GLU 379 
    Cluster 100:
        B:ASP 11 
    Cluster 101:
        B:ASP 23 
    Cluster 102:
        B:ASP 24 
    Cluster 103:
        B:GLU 37 
    Cluster 104:
        B:GLU 42 

Working on cluster #1...
    A:GLN 127  : 2 states
    B:ASP 15  : 3 states
    B:SER 14 : HG  : 8 states
    A:SER 123 : HG  : 8 states

  Scoring exhaustively (384 potential combinations)...

  Cluster results:
    A:GLN 127  : No Flip
    B:ASP 15  : Charged (pKa = 3.62)
    B:SER 14 : HG  : Stagger 3 8/8
    A:SER 123 : HG  : Stagger 2 7/8

Working on cluster #2...
    A:ASN 146  : 2 states
    A:TYR 148 : HH  : 8 states

  Scoring exhaustively (16 potential combinations)...

  Cluster results:
    A:ASN 146  : No Flip
    A:TYR 148 : HH  : Default 1 6/7 (pKa = 9.64)

Working on cluster #3...
    A:GLN 154  : 2 states

  Scoring exhaustively (2 potential combinations)...

  Cluster results:
    A:GLN 154  : No Flip

Working on cluster #4...
    A:GLN 168  : 2 states

  Scoring exhaustively (2 potential combinations)...

  Cluster results:
    A:GLN 168  : Flip

Working on cluster #5...
    A:GLN 177  : 2 states

  Scoring exhaustively (2 potential combinations)...

  Cluster results:
    A:GLN 177  : No Flip

Working on cluster #6...
    A:GLN 185  : 2 states

  Scoring exhaustively (2 potential combinations)...

  Cluster results:
    A:GLN 185  : No Flip

Working on cluster #7...
    A:ASN 192  : 2 states
    A:HID 190  : 6 states

  Scoring exhaustively (12 potential combinations)...
    No valid conformations found. Trying again with less strict requirements.

  Cluster results:
    A:ASN 192  : Flip
    A:HID 190  : Flip HIE (pKa = 5.04)

Working on cluster #8...
    A:GLN 223  : 2 states
    A:TYR 219 : HH  : 3 states

  Scoring exhaustively (6 potential combinations)...

  Cluster results:
    A:GLN 223  : No Flip
    A:TYR 219 : HH  : Orientation 1/2 (pKa = 10.67)

Working on cluster #9...
    A:GLN 231  : 2 states
    A:THR 235 : HG1 : 9 states

  Scoring exhaustively (18 potential combinations)...

  Cluster results:
    A:GLN 231  : Flip
    A:THR 235 : HG1 : Orientation 1/9

Working on cluster #10...
    A:ASN 242  : 2 states

  Scoring exhaustively (2 potential combinations)...
    No valid conformations found. Trying again with less strict requirements.

  Cluster results:
    A:ASN 242  : No Flip

Working on cluster #11...
    A:ASN 261  : 2 states
    A:ASP 274  : 3 states
    A:ASP 256  : 3 states
    A:GLU 181  : 3 states
    A:THR 292 : HG1 : 6 states
    A:LYS 258  : 8 states
    A:LYS 162  : 20 states

  Scoring exhaustively (51840 potential combinations)...

  Cluster results:
    A:ASN 261  : No Flip
    A:ASP 274  : Charged (pKa = -5.77)
    A:ASP 256  : Charged (pKa = 2.99)
    A:GLU 181  : Charged (pKa = 4.98)
    A:THR 292 : HG1 : Stagger 1 4/6
    A:LYS 258  : Orientation 1/1 (pKa = 9.9)
    A:LYS 162  : Orientation 2/4 (pKa = 13.3)

Working on cluster #12...
    A:ASN 332  : 2 states

  Scoring exhaustively (2 potential combinations)...

  Cluster results:
    A:ASN 332  : Flip

Working on cluster #13...
    A:GLN 335  : 2 states

  Scoring exhaustively (2 potential combinations)...

  Cluster results:
    A:GLN 335  : No Flip

Working on cluster #14...
    A:ASN 367  : 2 states
    A:SER 369 : HG  : 6 states
    A:GLN 370  : 2 states

  Scoring exhaustively (24 potential combinations)...

  Cluster results:
    A:ASN 367  : No Flip
    A:SER 369 : HG  : Orientation 3/6
    A:GLN 370  : No Flip

Working on cluster #15...
    A:ASN 386  : 2 states

  Scoring exhaustively (2 potential combinations)...

  Cluster results:
    A:ASN 386  : No Flip

Working on cluster #16...
    B:ASN 18  : 2 states
    B:SER 21 : HG  : 8 states
    B:SER 20 : HG  : 7 states

  Scoring exhaustively (112 potential combinations)...

  Cluster results:
    B:ASN 18  : No Flip
    B:SER 21 : HG  : Stagger 2 7/8
    B:SER 20 : HG  : Stagger 2 6/7

Working on cluster #17...
    B:GLN 29  : 2 states
    B:GLU 25  : 3 states

  Scoring exhaustively (6 potential combinations)...

  Cluster results:
    B:GLN 29  : No Flip
    B:GLU 25  : Charged (pKa = 4.75)

Working on cluster #18...
    B:ASN 30  : 2 states
    B:SER 33 : HG  : 5 states

  Scoring exhaustively (10 potential combinations)...

  Cluster results:
    B:ASN 30  : Flip
    B:SER 33 : HG  : Stagger 1 3/5

Working on cluster #19...
    B:ASN 40  : 2 states

  Scoring exhaustively (2 potential combinations)...

  Cluster results:
    B:ASN 40  : Flip

Working on cluster #20...
    B:ASN 43  : 2 states

  Scoring exhaustively (2 potential combinations)...

  Cluster results:
    B:ASN 43  : Flip

Working on cluster #21...
    A:LYS 124  : 8 states

  Scoring exhaustively (8 potential combinations)...

  Cluster results:
    A:LYS 124  : Orientation 1/1 (pKa = 10.47)

Working on cluster #22...
    A:LYS 125  : 8 states
    B:ASP 27  : 3 states

  Scoring exhaustively (24 potential combinations)...
    No valid conformations found. Trying again with less strict requirements.

  Cluster results:
    A:LYS 125  : Stagger (pKa = 10.15)
    B:ASP 27  : Charged

Working on cluster #23...
    A:LYS 141  : 8 states

  Scoring exhaustively (8 potential combinations)...

  Cluster results:
    A:LYS 141  : Orientation 1/1 (pKa = 10.42)

Working on cluster #24...
    A:LYS 143  : 8 states

  Scoring exhaustively (8 potential combinations)...

  Cluster results:
    A:LYS 143  : Orientation 1/1 (pKa = 10.22)

Working on cluster #25...
    A:LYS 153  : 8 states

  Scoring exhaustively (8 potential combinations)...

  Cluster results:
    A:LYS 153  : Orientation 1/1 (pKa = 10.51)

Working on cluster #26...
    A:LYS 156  : 4 states

  Scoring exhaustively (4 potential combinations)...

  Cluster results:
    A:LYS 156  : Stagger (pKa = 10.42)

Working on cluster #27...
    A:LYS 166  : 8 states
    A:HID 201  : 6 states

  Scoring exhaustively (48 potential combinations)...

  Cluster results:
    A:LYS 166  : Orientation 1/1 (pKa = 9.69)
    A:HID 201  : HIE (pKa = 5.35)

Working on cluster #28...
    A:LYS 171  : 12 states

  Scoring exhaustively (12 potential combinations)...

  Cluster results:
    A:LYS 171  : Orientation 1/2 (pKa = 10.45)

Working on cluster #29...
    A:LYS 224  : 32 states

  Scoring exhaustively (32 potential combinations)...
    No valid conformations found. Trying again with less strict requirements.

  Cluster results:
    A:LYS 224  : Orientation 3/7 (pKa = 10.21)

Working on cluster #30...
    A:LYS 227  : 8 states

  Scoring exhaustively (8 potential combinations)...

  Cluster results:
    A:LYS 227  : Orientation 1/1 (pKa = 10.0)

Working on cluster #31...
    A:LYS 250  : 20 states
    B:GLU 36  : 3 states
    B:ASP 32  : 3 states
    A:TYR 246 : HH  : 4 states

  Scoring exhaustively (720 potential combinations)...
    No valid conformations found. Trying again with less strict requirements.
    No valid conformations found. Trying again with less strict requirements.

  Cluster results:
    A:LYS 250  : Orientation 2/4 (pKa = 11.1)
    B:GLU 36  : Charged (pKa = 3.87)
    B:ASP 32  : Charged (pKa = 3.62)
    A:TYR 246 : HH  : Orientation 1/3 (pKa = 12.86)

Working on cluster #32...
    A:LYS 271  : 8 states
    A:GLU 211  : 3 states

  Scoring exhaustively (24 potential combinations)...

  Cluster results:
    A:LYS 271  : Stagger (pKa = 10.78)
    A:GLU 211  : Charged (pKa = 4.58)

Working on cluster #33...
    A:LYS 309  : 8 states

  Scoring exhaustively (8 potential combinations)...

  Cluster results:
    A:LYS 309  : Orientation 1/1 (pKa = 8.81)

Working on cluster #34...
    A:LYS 326  : 8 states

  Scoring exhaustively (8 potential combinations)...

  Cluster results:
    A:LYS 326  : Orientation 1/1 (pKa = 10.48)

Working on cluster #35...
    A:LYS 339  : 8 states
    A:GLU 336  : 3 states

  Scoring exhaustively (24 potential combinations)...

  Cluster results:
    A:LYS 339  : Orientation 1/1 (pKa = 10.53)
    A:GLU 336  : Charged (pKa = 3.89)

Working on cluster #36...
    A:LYS 365  : 12 states

  Scoring exhaustively (12 potential combinations)...

  Cluster results:
    A:LYS 365  : Orientation 1/2 (pKa = 10.24)

Working on cluster #37...
    B:LYS 38  : 8 states

  Scoring exhaustively (8 potential combinations)...
    No valid conformations found. Trying again with less strict requirements.

  Cluster results:
    B:LYS 38  : Orientation 1/1 (pKa = 10.12)

Working on cluster #38...
    A:HID 176  : 6 states

  Scoring exhaustively (6 potential combinations)...

  Cluster results:
    A:HID 176  : HIE (pKa = 5.51)

Working on cluster #39...
    A:HID 187  : 6 states
    A:SER 186 : HG  : 10 states

  Scoring exhaustively (60 potential combinations)...

  Cluster results:
    A:HID 187  : HID (pKa = 4.94)
    A:SER 186 : HG  : Stagger 3 10/10

Working on cluster #40...
    A:HID 248  : 6 states
    A:ASP 311  : 3 states
    A:GLU 308  : 3 states

  Scoring exhaustively (54 potential combinations)...

  Cluster results:
    A:HID 248  : HIE (pKa = 8.28)
    A:ASP 311  : Charged (pKa = 2.9)
    A:GLU 308  : Charged (pKa = 2.01)

Working on cluster #41...
    A:HID 254  : 6 states
    A:SER 278 : HG  : 8 states

  Scoring exhaustively (48 potential combinations)...

  Cluster results:
    A:HID 254  : HIE (pKa = 5.97)
    A:SER 278 : HG  : Orientation 1/8

Working on cluster #42...
    A:HID 280  : 6 states

  Scoring exhaustively (6 potential combinations)...

  Cluster results:
    A:HID 280  : HID (pKa = 4.43)

Working on cluster #43...
    A:HID 306  : 6 states

  Scoring exhaustively (6 potential combinations)...

  Cluster results:
    A:HID 306  : HID (pKa = 4.69)

Working on cluster #44...
    A:HID 366  : 6 states
    A:GLU 302  : 3 states
    A:SER 342 : HG  : 6 states

  Scoring exhaustively (108 potential combinations)...

  Cluster results:
    A:HID 366  : HIP (pKa = 7.15)
    A:GLU 302  : Charged (pKa = 3.28)
    A:SER 342 : HG  : Orientation 1/6

Working on cluster #45...
    A:HID 380  : 6 states
    A:ASP 358  : 3 states

  Scoring exhaustively (18 potential combinations)...

  Cluster results:
    A:HID 380  : HIE (pKa = 6.2)
    A:ASP 358  : Charged (pKa = 1.88)

Working on cluster #46...
    A:SER 155 : HG  : 12 states
    A:GLU 152  : 3 states

  Scoring exhaustively (36 potential combinations)...

  Cluster results:
    A:SER 155 : HG  : Orientation 6/12
    A:GLU 152  : Charged (pKa = 4.06)

Working on cluster #47...
    A:TYR 197 : HH  : 5 states

  Scoring exhaustively (5 potential combinations)...

  Cluster results:
    A:TYR 197 : HH  : Default 2 4/4 (pKa = 12.23)

Working on cluster #48...
    A:TYR 199 : HH  : 5 states

  Scoring exhaustively (5 potential combinations)...

  Cluster results:
    A:TYR 199 : HH  : Orientation 1/4 (pKa = 10.97)

Working on cluster #49...
    A:THR 204 : HG1 : 9 states
    A:ASP 202  : 3 states
    A:TYR 207 : HH  : 4 states

  Scoring exhaustively (108 potential combinations)...

  Cluster results:
    A:THR 204 : HG1 : Orientation 6/9
    A:ASP 202  : Charged (pKa = 2.32)
    A:TYR 207 : HH  : Orientation 1/3 (pKa = 11.49)

Working on cluster #50...
    A:TYR 212 : HH  : 5 states

  Scoring exhaustively (5 potential combinations)...

  Cluster results:
    A:TYR 212 : HH  : Orientation 2/4 (pKa = 10.34)

Working on cluster #51...
    A:THR 217 : HG1 : 7 states

  Scoring exhaustively (7 potential combinations)...

  Cluster results:
    A:THR 217 : HG1 : Orientation 2/7

Working on cluster #52...
    A:SER 226 : HG  : 7 states

  Scoring exhaustively (7 potential combinations)...

  Cluster results:
    A:SER 226 : HG  : Stagger 3 7/7

Working on cluster #53...
    A:THR 233 : HG1 : 6 states

  Scoring exhaustively (6 potential combinations)...

  Cluster results:
    A:THR 233 : HG1 : Orientation 1/6

Working on cluster #54...
    A:TYR 236 : HH  : 5 states

  Scoring exhaustively (5 potential combinations)...
    No valid conformations found. Trying again with less strict requirements.

  Cluster results:
    A:TYR 236 : HH  : Default 2 4/4 (pKa = 11.08)

Working on cluster #55...
    A:THR 238 : HG1 : 9 states
    A:SER 387 : HG  : 7 states

  Scoring exhaustively (63 potential combinations)...

  Cluster results:
    A:THR 238 : HG1 : Orientation 2/9
    A:SER 387 : HG  : Stagger 3 7/7

Working on cluster #56...
    A:SER 245 : HG  : 4 states

  Scoring exhaustively (4 potential combinations)...

  Cluster results:
    A:SER 245 : HG  : Orientation 1/4

Working on cluster #57...
    A:CYS 247 : HG  : 6 states

  Scoring exhaustively (6 potential combinations)...

  Cluster results:
    A:CYS 247 : HG  : Stagger 1 3/5 (pKa = 12.9)

Working on cluster #58...
    A:SER 249 : HG  : 6 states

  Scoring exhaustively (6 potential combinations)...

  Cluster results:
    A:SER 249 : HG  : Stagger 3 6/6

Working on cluster #59...
    A:SER 266 : HG  : 5 states

  Scoring exhaustively (5 potential combinations)...

  Cluster results:
    A:SER 266 : HG  : Stagger 3 5/5

Working on cluster #60...
    A:SER 283 : HG  : 7 states

  Scoring exhaustively (7 potential combinations)...

  Cluster results:
    A:SER 283 : HG  : Orientation 2/7

Working on cluster #61...
    A:SER 284 : HG  : 7 states

  Scoring exhaustively (7 potential combinations)...

  Cluster results:
    A:SER 284 : HG  : Orientation 3/7

Working on cluster #62...
    A:CYS 290 : HG  : 8 states

  Scoring exhaustively (8 potential combinations)...

  Cluster results:
    A:CYS 290 : HG  : Stagger 2 6/7 (pKa = 11.14)

Working on cluster #63...
    A:TYR 295 : HH  : 4 states
    A:GLU 321  : 3 states

  Scoring exhaustively (12 potential combinations)...

  Cluster results:
    A:TYR 295 : HH  : Orientation 1/3 (pKa = 17.61)
    A:GLU 321  : Charged (pKa = 6.82)

Working on cluster #64...
    A:SER 314 : HG  : 5 states

  Scoring exhaustively (5 potential combinations)...

  Cluster results:
    A:SER 314 : HG  : Stagger 1 3/5

Working on cluster #65...
    A:CYS 319 : HG  : 5 states

  Scoring exhaustively (5 potential combinations)...

  Cluster results:
    A:CYS 319 : HG  : Stagger 3 4/4 (pKa = 12.6)

Working on cluster #66...
    A:TYR 320 : HH  : 4 states

  Scoring exhaustively (4 potential combinations)...

  Cluster results:
    A:TYR 320 : HH  : Orientation 1/3 (pKa = 11.63)

Working on cluster #67...
    A:THR 333 : HG1 : 13 states

  Scoring exhaustively (13 potential combinations)...

  Cluster results:
    A:THR 333 : HG1 : Orientation 9/13

Working on cluster #68...
    A:TYR 334 : HH  : 4 states

  Scoring exhaustively (4 potential combinations)...

  Cluster results:
    A:TYR 334 : HH  : Orientation 1/3 (pKa = 10.18)

Working on cluster #69...
    A:THR 337 : HG1 : 12 states

  Scoring exhaustively (12 potential combinations)...

  Cluster results:
    A:THR 337 : HG1 : Orientation 2/12

Working on cluster #70...
    A:TYR 338 : HH  : 3 states

  Scoring exhaustively (3 potential combinations)...

  Cluster results:
    A:TYR 338 : HH  : Orientation 1/2 (pKa = 10.53)

Working on cluster #71...
    A:THR 347 : HG1 : 4 states

  Scoring exhaustively (4 potential combinations)...

  Cluster results:
    A:THR 347 : HG1 : Stagger 1 2/4

Working on cluster #72...
    A:THR 353 : HG1 : 6 states
    A:GLU 230  : 3 states

  Scoring exhaustively (18 potential combinations)...

  Cluster results:
    A:THR 353 : HG1 : Orientation 4/6
    A:GLU 230  : Charged (pKa = 3.93)

Working on cluster #73...
    A:SER 361 : HG  : 6 states

  Scoring exhaustively (6 potential combinations)...

  Cluster results:
    A:SER 361 : HG  : Orientation 1/6

Working on cluster #74...
    A:THR 384 : HG1 : 5 states

  Scoring exhaustively (5 potential combinations)...

  Cluster results:
    A:THR 384 : HG1 : Stagger 3 5/5

Working on cluster #75...
    B:SER 7 : HG  : 4 states

  Scoring exhaustively (4 potential combinations)...

  Cluster results:
    B:SER 7 : HG  : Stagger 2 3/4

Working on cluster #76...
    B:TYR 8 : HH  : 3 states
    A:GLU 170  : 3 states

  Scoring exhaustively (9 potential combinations)...

  Cluster results:
    B:TYR 8 : HH  : Orientation 1/2 (pKa = 12.11)
    A:GLU 170  : Charged (pKa = 4.16)

Working on cluster #77...
    B:SER 9 : HG  : 5 states

  Scoring exhaustively (5 potential combinations)...

  Cluster results:
    B:SER 9 : HG  : Stagger 1 3/5

Working on cluster #78...
    B:TYR 10 : HH  : 5 states

  Scoring exhaustively (5 potential combinations)...

  Cluster results:
    B:TYR 10 : HH  : Default 2 4/4 (pKa = 13.07)

Working on cluster #79...
    B:THR 28 : HG1 : 5 states

  Scoring exhaustively (5 potential combinations)...

  Cluster results:
    B:THR 28 : HG1 : Stagger 2 4/5

Working on cluster #80...
    A:ADP 1388 :HO3' : 5 states
    A:ADP 1388 :HO2' : 5 states

  Scoring exhaustively (25 potential combinations)...

  Cluster results:
    A:ADP 1388 :HO3' : Orientation 4/5
    A:ADP 1388 :HO2' : Orientation 3/5

Working on cluster #81...
    A:GLU 131  : 3 states

  Scoring exhaustively (3 potential combinations)...

  Cluster results:
    A:GLU 131  : Charged (pKa = 4.09)

Working on cluster #82...
    A:ASP 132  : 3 states

  Scoring exhaustively (3 potential combinations)...

  Cluster results:
    A:ASP 132  : Charged (pKa = 4.18)

Working on cluster #83...
    A:GLU 134  : 3 states

  Scoring exhaustively (3 potential combinations)...

  Cluster results:
    A:GLU 134  : Charged (pKa = 4.39)

Working on cluster #84...
    A:GLU 175  : 3 states

  Scoring exhaustively (3 potential combinations)...

  Cluster results:
    A:GLU 175  : Charged (pKa = 4.48)

Working on cluster #85...
    A:GLU 183  : 3 states

  Scoring exhaustively (3 potential combinations)...

  Cluster results:
    A:GLU 183  : Charged (pKa = 4.92)

Working on cluster #86...
    A:GLU 221  : 3 states

  Scoring exhaustively (3 potential combinations)...

  Cluster results:
    A:GLU 221  : Charged (pKa = 3.87)

Working on cluster #87...
    A:ASP 229  : 3 states

  Scoring exhaustively (3 potential combinations)...

  Cluster results:
    A:ASP 229  : Charged (pKa = 3.18)

Working on cluster #88...
    A:GLU 239  : 3 states

  Scoring exhaustively (3 potential combinations)...

  Cluster results:
    A:GLU 239  : Charged (pKa = 6.3)

Working on cluster #89...
    A:GLU 260  : 3 states

  Scoring exhaustively (3 potential combinations)...

  Cluster results:
    A:GLU 260  : Charged (pKa = 4.6)

Working on cluster #90...
    A:GLU 269  : 3 states

  Scoring exhaustively (3 potential combinations)...

  Cluster results:
    A:GLU 269  : Charged (pKa = 3.37)

Working on cluster #91...
    A:ASP 294  : 3 states

  Scoring exhaustively (3 potential combinations)...

  Cluster results:
    A:ASP 294  : Charged (pKa = 5.64)

Working on cluster #92...
    A:GLU 299  : 3 states

  Scoring exhaustively (3 potential combinations)...

  Cluster results:
    A:GLU 299  : Charged (pKa = 4.28)

Working on cluster #93...
    A:ASP 307  : 3 states

  Scoring exhaustively (3 potential combinations)...

  Cluster results:
    A:ASP 307  : Charged (pKa = 3.86)

Working on cluster #94...
    A:GLU 330  : 3 states

  Scoring exhaustively (3 potential combinations)...

  Cluster results:
    A:GLU 330  : Charged (pKa = 4.99)

Working on cluster #95...
    A:GLU 345  : 3 states

  Scoring exhaustively (3 potential combinations)...

  Cluster results:
    A:GLU 345  : Charged (pKa = 3.6)

Working on cluster #96...
    A:ASP 350  : 3 states

  Scoring exhaustively (3 potential combinations)...

  Cluster results:
    A:ASP 350  : Charged (pKa = 3.8)

Working on cluster #97...
    A:GLU 354  : 3 states

  Scoring exhaustively (3 potential combinations)...

  Cluster results:
    A:GLU 354  : Charged (pKa = 4.63)

Working on cluster #98...
    A:GLU 376  : 3 states

  Scoring exhaustively (3 potential combinations)...

  Cluster results:
    A:GLU 376  : Charged (pKa = 3.92)

Working on cluster #99...
    A:GLU 379  : 3 states

  Scoring exhaustively (3 potential combinations)...

  Cluster results:
    A:GLU 379  : Charged (pKa = 3.77)

Working on cluster #100...
    B:ASP 11  : 3 states

  Scoring exhaustively (3 potential combinations)...

  Cluster results:
    B:ASP 11  : Charged (pKa = 3.26)

Working on cluster #101...
    B:ASP 23  : 3 states

  Scoring exhaustively (3 potential combinations)...

  Cluster results:
    B:ASP 23  : Charged (pKa = 3.88)

Working on cluster #102...
    B:ASP 24  : 3 states

  Scoring exhaustively (3 potential combinations)...

  Cluster results:
    B:ASP 24  : Charged

Working on cluster #103...
    B:GLU 37  : 3 states

  Scoring exhaustively (3 potential combinations)...

  Cluster results:
    B:GLU 37  : Charged (pKa = 4.81)

Working on cluster #104...
    B:GLU 42  : 3 states

  Scoring exhaustively (3 potential combinations)...

  Cluster results:
    B:GLU 42  : Charged (pKa = 4.56)


Recalculating pKas to identify changes in protonation penalties...
  Running PropKa to get pKas
    No changes in protonation penalties found.

Minimizing hydrogens...

Total score for structure: -174.819617062

Final pKas:
  A:LYS 124  : 10.47
  A:LYS 125  : 10.15
  A:LYS 141  : 10.42
  A:LYS 143  : 10.22
  A:LYS 153  : 10.51
  A:LYS 156  : 10.42
  A:LYS 162  : 13.30
  A:LYS 166  : 9.69
  A:LYS 171  : 10.45
  A:LYS 224  : 10.21
  A:LYS 227  : 10.00
  A:LYS 250  : 11.10
  A:LYS 258  : 9.90
  A:LYS 271  : 10.79
  A:LYS 309  : 8.81
  A:LYS 326  : 10.48
  A:LYS 339  : 10.53
  A:LYS 365  : 10.24
  B:LYS 38  : 10.12
  A:HID 176  : 5.51
  A:HID 187  : 4.94
  A:HID 190  : 4.85
  A:HID 201  : 5.35
  A:HID 248  : 8.28
  A:HID 254  : 5.97
  A:HID 280  : 4.43
  A:HID 306  : 4.69
  A:HID 366  : 7.15
  A:HID 380  : 6.20
  A:TYR 148 : HH  : 9.64
  A:TYR 197 : HH  : 12.23
  A:TYR 199 : HH  : 10.97
  A:TYR 207 : HH  : 11.49
  A:TYR 212 : HH  : 10.34
  A:TYR 219 : HH  : 10.67
  A:TYR 236 : HH  : 11.08
  A:TYR 246 : HH  : 12.86
  A:CYS 247 : HG  : 12.90
  A:CYS 290 : HG  : 11.14
  A:TYR 295 : HH  : 17.61
  A:CYS 319 : HG  : 12.60
  A:TYR 320 : HH  : 11.63
  A:TYR 334 : HH  : 10.18
  A:TYR 338 : HH  : 10.53
  B:TYR 8 : HH  : 12.11
  B:TYR 10 : HH  : 13.07
  A:GLU 131  : 4.09
  A:ASP 132  : 4.18
  A:GLU 134  : 4.39
  A:GLU 152  : 4.06
  A:GLU 170  : 4.16
  A:GLU 175  : 4.48
  A:GLU 181  : 4.98
  A:GLU 183  : 4.92
  A:ASP 202  : 2.32
  A:GLU 211  : 4.58
  A:GLU 221  : 3.87
  A:ASP 229  : 3.19
  A:GLU 230  : 3.93
  A:GLU 239  : 6.30
  A:ASP 256  : 2.99
  A:GLU 260  : 4.60
  A:GLU 269  : 3.37
  A:ASP 274  : -5.77
  A:ASP 294  : 5.64
  A:GLU 299  : 4.28
  A:GLU 302  : 3.28
  A:ASP 307  : 3.86
  A:GLU 308  : 2.01
  A:ASP 311  : 2.90
  A:GLU 321  : 6.82
  A:GLU 330  : 4.99
  A:GLU 336  : 3.89
  A:GLU 345  : 3.60
  A:ASP 350  : 3.80
  A:GLU 354  : 4.63
  A:ASP 358  : 1.88
  A:GLU 376  : 3.92
  A:GLU 379  : 3.77
  B:ASP 11  : 3.26
  B:ASP 15  : 3.62
  B:ASP 23  : 3.88
  B:GLU 25  : 4.75
  B:ASP 32  : 3.62
  B:GLU 36  : 3.87
  B:GLU 37  : 4.81
  B:GLU 42  : 4.56
Structure extracted from file: 1ol5-protassign.mae
Output structure will be written to: 1ol5-protassign-out.mae

Complete. Output file: 1ol5-protassign-out.mae
