
** Heavy-atom coordinates will be fixed: maxlevel set to 0
  **
  ** Beginning refinement level 0
  **

170228-10:51:39 WARNING There seems to be a user specific host file located at /Users/albaness/.schrodinger/schrodinger.hosts. Support for user specific host files is deprecated and might be removed in a future release. Please use the hosts file from the installation /opt/schrodinger/suites2016-4.
Impact: WARNING There seems to be a user specific host file located at /Users/albaness/.schrodinger/schrodinger.hosts. Support for user specific host files is deprecated and might be removed in a future release. Please use the hosts file from the installation /opt/schrodinger/suites2016-4.
%IMPACT-I (openwt): Request to open FORMATTED file 5l8k-impref_ref0.out on unit   2
 Entering IMPACT execution environment 
 Date: Tuesday, February 28 2017, at 10:51:40 EST
 Impact version 73015
 mmshare version        36015
 Copyright (c) Schrodinger, LLC.
 All Rights Reserved.

 Host: Darwin lski1985 14.5.0 Darwin Kernel Version 14.5.0: Sun Sep 25 22:07:15 PDT 2016; root:xnu-2782.50.9~1/RELEASE_X86_64 x86_64
 Job Name: 5l8k-impref_ref0
 SCHRODINGER  directory: /opt/schrodinger/suites2016-4
 IMPACT_EXEC  directory: /opt/schrodinger/suites2016-4/impact-v7.3/bin/Darwin-x86_64
 MMSHARE_EXEC directory: /opt/schrodinger/suites2016-4/mmshare-v3.6/bin/Darwin-x86_64

 Clock-based global random seed:     1488297099
%IMPACT-I(foldmain): calling OPLS_2005 atomtyping ...
%IMPACT-I(foldmain): finished parameter assignment
 PARM read from file "paramstd.dat"
 Parameter obtained from atomtyping
      Current coord. are written to file: "5l8k-impref.init_coord.rst"
      Box dimensions not written


 Total number of atoms  =  6965
 
 Neighbor List Cutoff Settings
 ==================================
 Cutoff radius:   10.0000000000000     
 Update frequency: every           10  steps
 Species   1 : Neighbors are calculated on a per residue basis
 Species   1 : Cutoff by inter-atomic distances
 
 Step number:          0         Non-bonded count:  1716095
 E-pot        RMS grad     Max grad    
 -1.53193E+04  1.32229E+02  7.46120E+03
 Step number:         10         Non-bonded count:  1716095
 -2.25113E+04  2.27983E+00  5.75917E+01
 Step number:         20         Non-bonded count:  1716095
 -2.28429E+04  1.96595E+00  3.51983E+01
 Step number:         30         Non-bonded count:  1716095
 -2.30679E+04  1.10819E+00  3.85776E+01
 Step number:         40         Non-bonded count:  1716095
 -2.32156E+04  1.39100E+00  3.95706E+01
 Step number:         50         Non-bonded count:  1716095
 -2.33220E+04  9.94436E-01  2.52274E+01
 Step number:         60         Non-bonded count:  1716095
 -2.33913E+04  7.38165E-01  2.55093E+01
 Step number:         70         Non-bonded count:  1716095
 -2.34314E+04  6.64286E-01  1.69568E+01
 Step number:         80         Non-bonded count:  1716095
 -2.34721E+04  5.56223E-01  1.64064E+01
 Step number:         90         Non-bonded count:  1716095
 -2.34982E+04  4.97659E-01  1.37084E+01
 Step number:        100         Non-bonded count:  1716095
 -2.35190E+04  3.52292E-01  1.25818E+01
 Step number:        100         Non-bonded count:  1716095
 -2.35190E+04  3.52292E-01  1.25818E+01
      Current coord. are written to file: "5l8k-impref.min0_coord.rst"
      Box dimensions not written
      Current coordinates are read from file: "5l8k-impref.init_coord.rst"
      Box dimensions not read
          read from "5l8k-impref.init_coord.rst"
  
 Energy and Force Generation Info: 
 --------------------------------- 
 Number of E&F called:     333
 PARM read from file "paramstd.dat"
 Parameter obtained from atomtyping
      Current coordinates are read from file: "5l8k-impref.min0_coord.rst"
      Box dimensions not read
          read from "5l8k-impref.min0_coord.rst"


 Total number of atoms  =  6965
 
 Neighbor List Cutoff Settings
 ==================================
 Cutoff radius:   10.0000000000000     
 Update frequency: every           10  steps
 Species   1 : Neighbors are calculated on a per residue basis
 Species   1 : Cutoff by inter-atomic distances
 
 Step number:          0         Non-bonded count:  1716095
 E-pot        RMS grad     Max grad    
 -2.20959E+04  2.62486E+00  2.90006E+01
 Step number:         10         Non-bonded count:  1716095
 -2.29571E+04  1.47720E+00  1.06674E+02
 Step number:         20         Non-bonded count:  1716095
 -2.31477E+04  1.14381E+00  4.43014E+01
 Step number:         30         Non-bonded count:  1716095
 -2.31943E+04  4.99887E-01  1.84327E+01
 Step number:         40         Non-bonded count:  1716095
 -2.32229E+04  6.77853E-01  2.32821E+01
 Step number:         50         Non-bonded count:  1716095
 -2.32411E+04  3.14548E-01  1.28604E+01
 Step number:         60         Non-bonded count:  1716095
 -2.32510E+04  3.10423E-01  1.00272E+01
 Step number:         70         Non-bonded count:  1716095
 -2.32581E+04  2.13091E-01  6.96636E+00
 Step number:         80         Non-bonded count:  1716095
 -2.32633E+04  2.39338E-01  1.02548E+01
 Step number:         90         Non-bonded count:  1716095
 -2.32698E+04  2.66740E-01  7.47930E+00
 Step number:        100         Non-bonded count:  1716095
 -2.32741E+04  2.01114E-01  7.85571E+00
 Step number:        100         Non-bonded count:  1716095
 -2.32741E+04  2.01114E-01  7.85571E+00
  
 Energy and Force Generation Info: 
 --------------------------------- 
 Number of E&F called:     615


Final Energy Reports:
------------------------------------
 Total Energy of the system...... -2.32741E+04 kcal/mol
 Total Potential Energy.......... -2.32741E+04 kcal/mol
 Total Kinetic Energy............  0.00000E+00 kcal/mol
 Temperature of the system.......        0.000 K
 Bond Stretch Energy.............  2.09579E+01 kcal/mol
 Angle Bending Energy............  3.16015E+02 kcal/mol
 Torsion Angle Energy............  1.37675E+02 kcal/mol
 Restraining Energy for Torsions.  0.00000E+00 kcal/mol
 1,4 Lennard Jones Energy........  5.57544E+02 kcal/mol
 1,4 Electrostatic Energy........ -5.68482E+02 kcal/mol
 Lennard Jones Energy............ -7.98354E+02 kcal/mol
 Electrostatic Energy............ -2.29394E+04 kcal/mol
 H-bond Energy...................  0.00000E+00 kcal/mol
 
 Exiting IMPACT execution environment 
 Date: Tuesday, February 28 2017, at 10:52:07 EST
%IMPACT-I (timit): Total CPU time =      26.92 seconds (   0.4 minutes)
Total elapsed time = 28 seconds
  ** Completed refinement level 0      rmsd =  0.066

** Refinement finished. Final level: 0

** The refined complex file is 5l8k-impref_ref.mae.
