
Working on structure 1
Fixing common structure mistakes...
  No mistakes were found
Pre-treating metals...
Done treating metals
Assigning bond orders...
  Using CCD: True
CCD template assignment successfully used for HET "EDO "
CCD template assignment successfully used for HET "EDO "
CCD template assignment successfully used for HET "EDO "
CCD template assignment successfully used for HET "EDO "
CCD template assignment successfully used for HET "EDO "
CCD template assignment successfully used for HET "EDO "
CCD template assignment successfully used for HET "EDO "
CCD template assignment successfully used for HET "EDO "
CCD template assignment successfully used for HET "EDO "
CCD template assignment successfully used for HET "EDO "
  No bond orders were changed
Removing and re-adding hydrogens...
Treating metals...
Creating di-sulfur bonds...
Converting Selenomethionines...
Detecting missing residue atoms...
Filling missing side chains using Prime...
Prime output file: /Users/albaness/github/AURKA_UMN/rcsb/5l8k-prepped/5l8k-missing-side-chains-out.maegz
Filling missing loops using Prime...
Prime output file: /Users/albaness/github/AURKA_UMN/rcsb/5l8k-prepped/5l8k-missing-loops-out.maegz
Finding het groups...
Coloring atoms by element (green carbons in hets)...
Finding het groups (for Epik)...
Processing 13 het groups...
  Using Epik with pH: 7.4
        and pH Range: 0.0
  Max states per het: 32
Running Epik on 13 het groups...
  Waiting for epik...
  Het A:ADP (501): keeping all 1 state(s):
    State penalty: -0.00 kcal/mol; H-Bond count: 8.
  Het A:SO4 (502): keeping all 1 state(s):
    State penalty: -0.00 kcal/mol; H-Bond count: 2.
  Het A:EDO (503): keeping all 1 state(s):
    State penalty: -0.00 kcal/mol; H-Bond count: 1.
  Het A:EDO (504): keeping all 1 state(s):
    State penalty: -0.00 kcal/mol; H-Bond count: 0.
  Het A:EDO (505): keeping all 1 state(s):
    State penalty: -0.00 kcal/mol; H-Bond count: 0.
  Het A:EDO (506): keeping all 1 state(s):
    State penalty: -0.00 kcal/mol; H-Bond count: 0.
  Het A:EDO (507): keeping all 1 state(s):
    State penalty: -0.00 kcal/mol; H-Bond count: 0.
  Het A:EDO (508): keeping all 1 state(s):
    State penalty: -0.00 kcal/mol; H-Bond count: 1.
  Het A:EDO (509): keeping all 1 state(s):
    State penalty: -0.00 kcal/mol; H-Bond count: 4.
  Het A:EDO (510): keeping all 1 state(s):
    State penalty: -0.00 kcal/mol; H-Bond count: 0.
  Het A:EDO (511): keeping all 1 state(s):
    State penalty: -0.00 kcal/mol; H-Bond count: 0.
  Het A:EDO (512): keeping all 1 state(s):
    State penalty: -0.00 kcal/mol; H-Bond count: 1.
  Het B:SO4 (201): keeping all 1 state(s):
    State penalty: -0.00 kcal/mol; H-Bond count: 4.
Running ProtAssign...
  Uses -minimize option in ProtAssign
  Using PROPKA with pH: 7.4
  RUNNING: /opt/schrodinger/suites2016-4/utilities/protassign 5l8k-protassign.mae 5l8k-protassign-out.mae -NOJOBID -nowater -minimize -propka_pH 7.4
Optimize H-bond job completed.
Running restrained minimization...
  RMSD: 0.3
  Force field: 2005
  hydrogens only
done with preparation
Writing to file...
DONE. Output file: /Users/albaness/github/AURKA_UMN/rcsb/5l8k-prepped.pdb
