
** Heavy-atom coordinates will be fixed: maxlevel set to 0
  **
  ** Beginning refinement level 0
  **

170227-13:29:22 WARNING There seems to be a user specific host file located at /Users/albaness/.schrodinger/schrodinger.hosts. Support for user specific host files is deprecated and might be removed in a future release. Please use the hosts file from the installation /opt/schrodinger/suites2016-4.
Impact: WARNING There seems to be a user specific host file located at /Users/albaness/.schrodinger/schrodinger.hosts. Support for user specific host files is deprecated and might be removed in a future release. Please use the hosts file from the installation /opt/schrodinger/suites2016-4.
%IMPACT-I (openwt): Request to open FORMATTED file 1ol7-impref_ref0.out on unit   2
 Entering IMPACT execution environment 
 Date: Monday, February 27 2017, at 13:29:22 EST
 Impact version 73015
 mmshare version        36015
 Copyright (c) Schrodinger, LLC.
 All Rights Reserved.

 Host: Darwin lski1985 14.5.0 Darwin Kernel Version 14.5.0: Sun Sep 25 22:07:15 PDT 2016; root:xnu-2782.50.9~1/RELEASE_X86_64 x86_64
 Job Name: 1ol7-impref_ref0
 SCHRODINGER  directory: /opt/schrodinger/suites2016-4
 IMPACT_EXEC  directory: /opt/schrodinger/suites2016-4/impact-v7.3/bin/Darwin-x86_64
 MMSHARE_EXEC directory: /opt/schrodinger/suites2016-4/mmshare-v3.6/bin/Darwin-x86_64

 Clock-based global random seed:     1488220162
%IMPACT-I(foldmain): calling OPLS_2005 atomtyping ...
%IMPACT-I(foldmain): finished parameter assignment
 PARM read from file "paramstd.dat"
 Parameter obtained from atomtyping
      Current coord. are written to file: "1ol7-impref.init_coord.rst"
      Box dimensions not written


 Total number of atoms  =  4406
 
 Neighbor List Cutoff Settings
 ==================================
 Cutoff radius:   10.0000000000000     
 Update frequency: every           10  steps
 Species   1 : Neighbors are calculated on a per residue basis
 Species   1 : Cutoff by inter-atomic distances
 
 Step number:          0         Non-bonded count:  1076196
 E-pot        RMS grad     Max grad    
 -6.20824E+03  2.03796E+01  4.83542E+02
 Step number:         10         Non-bonded count:  1076196
 -7.54672E+03  1.46237E+00  4.81523E+01
 Step number:         20         Non-bonded count:  1076196
 -7.66642E+03  8.83412E-01  1.82853E+01
 Step number:         30         Non-bonded count:  1076196
 -7.72145E+03  6.84477E-01  1.23891E+01
 Step number:         40         Non-bonded count:  1076196
 -7.74609E+03  5.42009E-01  2.16369E+01
 Step number:         50         Non-bonded count:  1076196
 -7.75849E+03  3.35626E-01  6.97688E+00
 Step number:         60         Non-bonded count:  1076196
 -7.76531E+03  3.07889E-01  8.83708E+00
 Step number:         70         Non-bonded count:  1076196
 -7.76936E+03  2.13312E-01  4.59715E+00
 Step number:         80         Non-bonded count:  1076196
 -7.77273E+03  2.10836E-01  6.56959E+00
 Step number:         90         Non-bonded count:  1076196
 -7.77611E+03  2.29831E-01  7.32176E+00
 Step number:        100         Non-bonded count:  1076196
 -7.77868E+03  1.97733E-01  3.10329E+00
 Step number:        100         Non-bonded count:  1076196
 -7.77868E+03  1.97733E-01  3.10329E+00
      Current coord. are written to file: "1ol7-impref.min0_coord.rst"
      Box dimensions not written
      Current coordinates are read from file: "1ol7-impref.init_coord.rst"
      Box dimensions not read
          read from "1ol7-impref.init_coord.rst"
  
 Energy and Force Generation Info: 
 --------------------------------- 
 Number of E&F called:     279
 PARM read from file "paramstd.dat"
 Parameter obtained from atomtyping
      Current coordinates are read from file: "1ol7-impref.min0_coord.rst"
      Box dimensions not read
          read from "1ol7-impref.min0_coord.rst"


 Total number of atoms  =  4406
 
 Neighbor List Cutoff Settings
 ==================================
 Cutoff radius:   10.0000000000000     
 Update frequency: every           10  steps
 Species   1 : Neighbors are calculated on a per residue basis
 Species   1 : Cutoff by inter-atomic distances
 
 Step number:          0         Non-bonded count:  1076196
 E-pot        RMS grad     Max grad    
 -6.32829E+03  3.15237E+00  2.76911E+01
 Step number:         10         Non-bonded count:  1076196
 -7.20030E+03  2.04970E+00  5.24778E+01
 Step number:         20         Non-bonded count:  1076196
 -7.34047E+03  8.43432E-01  3.48629E+01
 Step number:         30         Non-bonded count:  1076196
 -7.39869E+03  8.70682E-01  3.75316E+01
 Step number:         40         Non-bonded count:  1076196
 -7.42537E+03  3.39523E-01  1.36088E+01
 Step number:         50         Non-bonded count:  1076196
 -7.43113E+03  2.12665E-01  6.69752E+00
 Step number:         60         Non-bonded count:  1076196
 -7.43416E+03  2.15347E-01  5.75188E+00
 Step number:         70         Non-bonded count:  1076196
 -7.43624E+03  1.50760E-01  4.62054E+00
 Step number:         80         Non-bonded count:  1076196
 -7.43757E+03  1.04862E-01  1.70408E+00
 Step number:         90         Non-bonded count:  1076196
 -7.43804E+03  7.45786E-02  1.57013E+00
 Step number:        100         Non-bonded count:  1076196
 -7.43847E+03  8.02162E-02  2.16565E+00
 Step number:        100         Non-bonded count:  1076196
 -7.43847E+03  8.02162E-02  2.16565E+00
  
 Energy and Force Generation Info: 
 --------------------------------- 
 Number of E&F called:     564


Final Energy Reports:
------------------------------------
 Total Energy of the system...... -7.43847E+03 kcal/mol
 Total Potential Energy.......... -7.43847E+03 kcal/mol
 Total Kinetic Energy............  0.00000E+00 kcal/mol
 Temperature of the system.......        0.000 K
 Bond Stretch Energy.............  1.54649E+01 kcal/mol
 Angle Bending Energy............  3.11881E+02 kcal/mol
 Torsion Angle Energy............  1.73438E+02 kcal/mol
 Restraining Energy for Torsions.  0.00000E+00 kcal/mol
 1,4 Lennard Jones Energy........  4.63847E+02 kcal/mol
 1,4 Electrostatic Energy........ -4.13655E+02 kcal/mol
 Lennard Jones Energy............ -3.78686E+02 kcal/mol
 Electrostatic Energy............ -7.61076E+03 kcal/mol
 H-bond Energy...................  0.00000E+00 kcal/mol
 
 Exiting IMPACT execution environment 
 Date: Monday, February 27 2017, at 13:29:40 EST
%IMPACT-I (timit): Total CPU time =      16.46 seconds (   0.3 minutes)
Total elapsed time = 18 seconds
  ** Completed refinement level 0      rmsd =  0.081

** Refinement finished. Final level: 0

** The refined complex file is 1ol7-impref_ref.mae.
