
** Heavy-atom coordinates will be fixed: maxlevel set to 0
  **
  ** Beginning refinement level 0
  **

170228-10:58:48 WARNING There seems to be a user specific host file located at /Users/albaness/.schrodinger/schrodinger.hosts. Support for user specific host files is deprecated and might be removed in a future release. Please use the hosts file from the installation /opt/schrodinger/suites2016-4.
Impact: WARNING There seems to be a user specific host file located at /Users/albaness/.schrodinger/schrodinger.hosts. Support for user specific host files is deprecated and might be removed in a future release. Please use the hosts file from the installation /opt/schrodinger/suites2016-4.
%IMPACT-I (openwt): Request to open FORMATTED file 1ol7-impref_ref0.out on unit   2
 Entering IMPACT execution environment 
 Date: Tuesday, February 28 2017, at 10:58:48 EST
 Impact version 73015
 mmshare version        36015
 Copyright (c) Schrodinger, LLC.
 All Rights Reserved.

 Host: Darwin lski1985 14.5.0 Darwin Kernel Version 14.5.0: Sun Sep 25 22:07:15 PDT 2016; root:xnu-2782.50.9~1/RELEASE_X86_64 x86_64
 Job Name: 1ol7-impref_ref0
 SCHRODINGER  directory: /opt/schrodinger/suites2016-4
 IMPACT_EXEC  directory: /opt/schrodinger/suites2016-4/impact-v7.3/bin/Darwin-x86_64
 MMSHARE_EXEC directory: /opt/schrodinger/suites2016-4/mmshare-v3.6/bin/Darwin-x86_64

 Clock-based global random seed:     1488297528
%IMPACT-I(foldmain): calling OPLS_2005 atomtyping ...
%IMPACT-I(foldmain): finished parameter assignment
 PARM read from file "paramstd.dat"
 Parameter obtained from atomtyping
      Current coord. are written to file: "1ol7-impref.init_coord.rst"
      Box dimensions not written


 Total number of atoms  =  4401
 
 Neighbor List Cutoff Settings
 ==================================
 Cutoff radius:   10.0000000000000     
 Update frequency: every           10  steps
 Species   1 : Neighbors are calculated on a per residue basis
 Species   1 : Cutoff by inter-atomic distances
 
 Step number:          0         Non-bonded count:  1075602
 E-pot        RMS grad     Max grad    
 -6.21419E+03  2.03865E+01  4.83542E+02
 Step number:         10         Non-bonded count:  1075602
 -7.55229E+03  1.46381E+00  4.81027E+01
 Step number:         20         Non-bonded count:  1075602
 -7.67190E+03  8.68360E-01  1.55907E+01
 Step number:         30         Non-bonded count:  1075602
 -7.72723E+03  7.06450E-01  1.40417E+01
 Step number:         40         Non-bonded count:  1075602
 -7.75136E+03  4.70453E-01  9.24039E+00
 Step number:         50         Non-bonded count:  1075602
 -7.76385E+03  3.37599E-01  9.22498E+00
 Step number:         60         Non-bonded count:  1075602
 -7.77079E+03  2.88775E-01  4.28521E+00
 Step number:         70         Non-bonded count:  1075602
 -7.77503E+03  2.68000E-01  7.63327E+00
 Step number:         80         Non-bonded count:  1075602
 -7.77861E+03  1.91450E-01  4.08926E+00
 Step number:         90         Non-bonded count:  1075602
 -7.78205E+03  2.15664E-01  6.06455E+00
 Step number:        100         Non-bonded count:  1075602
 -7.78462E+03  1.98183E-01  5.05883E+00
 Step number:        100         Non-bonded count:  1075602
 -7.78462E+03  1.98183E-01  5.05883E+00
      Current coord. are written to file: "1ol7-impref.min0_coord.rst"
      Box dimensions not written
      Current coordinates are read from file: "1ol7-impref.init_coord.rst"
      Box dimensions not read
          read from "1ol7-impref.init_coord.rst"
  
 Energy and Force Generation Info: 
 --------------------------------- 
 Number of E&F called:     277
 PARM read from file "paramstd.dat"
 Parameter obtained from atomtyping
      Current coordinates are read from file: "1ol7-impref.min0_coord.rst"
      Box dimensions not read
          read from "1ol7-impref.min0_coord.rst"


 Total number of atoms  =  4401
 
 Neighbor List Cutoff Settings
 ==================================
 Cutoff radius:   10.0000000000000     
 Update frequency: every           10  steps
 Species   1 : Neighbors are calculated on a per residue basis
 Species   1 : Cutoff by inter-atomic distances
 
 Step number:          0         Non-bonded count:  1075602
 E-pot        RMS grad     Max grad    
 -6.33752E+03  3.15254E+00  2.76426E+01
 Step number:         10         Non-bonded count:  1075602
 -7.19810E+03  1.79185E+00  7.41221E+01
 Step number:         20         Non-bonded count:  1075602
 -7.34174E+03  1.01796E+00  4.74451E+01
 Step number:         30         Non-bonded count:  1075602
 -7.39167E+03  8.18205E-01  2.15433E+01
 Step number:         40         Non-bonded count:  1075602
 -7.41544E+03  4.80829E-01  1.08247E+01
 Step number:         50         Non-bonded count:  1075602
 -7.43141E+03  4.52537E-01  1.84233E+01
 Step number:         60         Non-bonded count:  1075602
 -7.43830E+03  2.29931E-01  5.64105E+00
 Step number:         70         Non-bonded count:  1075602
 -7.44125E+03  1.69430E-01  4.17364E+00
 Step number:         80         Non-bonded count:  1075602
 -7.44300E+03  1.49937E-01  4.23574E+00
 Step number:         90         Non-bonded count:  1075602
 -7.44375E+03  9.00206E-02  2.61592E+00
 Step number:        100         Non-bonded count:  1075602
 -7.44422E+03  8.71208E-02  2.36668E+00
 Step number:        100         Non-bonded count:  1075602
 -7.44422E+03  8.71208E-02  2.36668E+00
  
 Energy and Force Generation Info: 
 --------------------------------- 
 Number of E&F called:     560


Final Energy Reports:
------------------------------------
 Total Energy of the system...... -7.44422E+03 kcal/mol
 Total Potential Energy.......... -7.44422E+03 kcal/mol
 Total Kinetic Energy............  0.00000E+00 kcal/mol
 Temperature of the system.......        0.000 K
 Bond Stretch Energy.............  1.54231E+01 kcal/mol
 Angle Bending Energy............  3.11804E+02 kcal/mol
 Torsion Angle Energy............  1.73182E+02 kcal/mol
 Restraining Energy for Torsions.  0.00000E+00 kcal/mol
 1,4 Lennard Jones Energy........  4.63711E+02 kcal/mol
 1,4 Electrostatic Energy........ -4.11166E+02 kcal/mol
 Lennard Jones Energy............ -3.78441E+02 kcal/mol
 Electrostatic Energy............ -7.61873E+03 kcal/mol
 H-bond Energy...................  0.00000E+00 kcal/mol
 
 Exiting IMPACT execution environment 
 Date: Tuesday, February 28 2017, at 10:59:04 EST
%IMPACT-I (timit): Total CPU time =      15.74 seconds (   0.3 minutes)
Total elapsed time = 16 seconds
  ** Completed refinement level 0      rmsd =  0.081

** Refinement finished. Final level: 0

** The refined complex file is 1ol7-impref_ref.mae.
