  Running PropKa to get pKas

Clusters to optimize:
    Cluster 1:
        A:GLN 127 
        A:EDO 506 : HO2
        A:EDO 506 : HO1
    Cluster 2:
        A:ASN 146 
        A:TYR 148 : HH 
    Cluster 3:
        A:GLN 154 
    Cluster 4:
        A:GLN 168 
    Cluster 5:
        A:GLN 177 
        A:GLU 181 
    Cluster 6:
        A:GLN 185 
    Cluster 7:
        A:ASN 192 
        A:HID 190 
    Cluster 8:
        A:GLN 223 
        A:TYR 219 : HH 
    Cluster 9:
        A:GLN 231 
        A:ASP 229 
        A:ASN 386 
    Cluster 10:
        A:ASN 242 
    Cluster 11:
        A:ASN 261 
        A:ASP 274 
        A:HID 254 
    Cluster 12:
        A:ASN 332 
    Cluster 13:
        A:GLN 335 
    Cluster 14:
        A:ASN 367 
        A:SER 369 : HG 
        A:GLN 370 
    Cluster 15:
        A:ASN 392 
    Cluster 16:
        B:GLN 6 
        B:THR 99 : HG1
    Cluster 17:
        B:ASN 22 
    Cluster 18:
        B:ASN 36 
        B:GLU 47 
        A:GLU 183 
        A:EDO 508 : HO2
        A:EDO 508 : HO1
        B:TYR 38 : HH 
        A:SER 186 : HG 
        A:HID 187 
        B:LYS 85 
    Cluster 19:
        B:GLN 48 
    Cluster 20:
        B:ASN 65 
    Cluster 21:
        A:LYS 141 
    Cluster 22:
        A:LYS 143 
    Cluster 23:
        A:LYS 153 
    Cluster 24:
        A:LYS 156 
    Cluster 25:
        A:LYS 162 
    Cluster 26:
        A:LYS 166 
        A:HID 201 
    Cluster 27:
        A:LYS 171 
    Cluster 28:
        A:LYS 224 
    Cluster 29:
        A:LYS 227 
    Cluster 30:
        A:LYS 250 
        A:EDO 504 : HO2
        A:EDO 504 : HO1
        A:TYR 246 : HH 
    Cluster 31:
        A:LYS 258 
        A:ASP 256 
    Cluster 32:
        A:LYS 271 
        A:GLU 269 
        A:GLU 211 
    Cluster 33:
        A:LYS 309 
    Cluster 34:
        A:LYS 326 
        A:GLU 330 
    Cluster 35:
        A:LYS 339 
    Cluster 36:
        A:LYS 365 
    Cluster 37:
        A:LYS 389 
        A:GLU 239 
    Cluster 38:
        B:LYS 13 
    Cluster 39:
        B:LYS 41 
    Cluster 40:
        B:LYS 46 
    Cluster 41:
        B:LYS 83 
    Cluster 42:
        B:LYS 104 
        B:GLU 14 
    Cluster 43:
        A:HID 176 
        B:ASP 33 
        A:GLU 175 
        B:SER 34 : HG 
    Cluster 44:
        A:HID 248 
        A:ASP 311 
        A:GLU 308 
    Cluster 45:
        A:HID 280 
    Cluster 46:
        A:HID 306 
        A:EDO 511 : HO2
        A:EDO 511 : HO1
        A:SER 283 : HG 
    Cluster 47:
        A:HID 366 
        A:GLU 302 
        A:SER 342 : HG 
    Cluster 48:
        A:HID 380 
        A:ASP 358 
    Cluster 49:
        A:SER 155 : HG 
        A:GLU 152 
    Cluster 50:
        A:TYR 197 : HH 
    Cluster 51:
        A:TYR 199 : HH 
    Cluster 52:
        A:THR 204 : HG1
        A:ASP 202 
        A:TYR 207 : HH 
    Cluster 53:
        A:TYR 212 : HH 
    Cluster 54:
        A:THR 217 : HG1
    Cluster 55:
        A:SER 226 : HG 
    Cluster 56:
        A:THR 233 : HG1
    Cluster 57:
        A:THR 235 : HG1
        A:EDO 510 : HO2
        A:EDO 510 : HO1
        A:SER 388 : HG 
        A:SER 387 : HG 
        A:THR 238 : HG1
    Cluster 58:
        A:TYR 236 : HH 
        A:GLU 221 
    Cluster 59:
        A:SER 245 : HG 
    Cluster 60:
        A:CYS 247 : HG 
    Cluster 61:
        A:SER 249 : HG 
    Cluster 62:
        A:SER 266 : HG 
        A:EDO 505 : HO2
        A:EDO 505 : HO1
    Cluster 63:
        A:SER 278 : HG 
    Cluster 64:
        A:SER 284 : HG 
    Cluster 65:
        A:THR 287 : HG1
    Cluster 66:
        A:THR 292 : HG1
    Cluster 67:
        A:TYR 295 : HH 
        A:GLU 321 
    Cluster 68:
        A:SER 314 : HG 
    Cluster 69:
        A:CYS 319 : HG 
    Cluster 70:
        A:TYR 320 : HH 
    Cluster 71:
        A:THR 333 : HG1
    Cluster 72:
        A:TYR 334 : HH 
    Cluster 73:
        A:THR 337 : HG1
    Cluster 74:
        A:TYR 338 : HH 
    Cluster 75:
        A:THR 347 : HG1
    Cluster 76:
        A:THR 353 : HG1
        A:GLU 230 
    Cluster 77:
        A:SER 361 : HG 
    Cluster 78:
        A:THR 384 : HG1
    Cluster 79:
        A:SER 391 : HG 
    Cluster 80:
        B:THR 7 : HG1
    Cluster 81:
        B:THR 12 : HG1
    Cluster 82:
        B:THR 15 : HG1
    Cluster 83:
        B:SER 18 : HG 
    Cluster 84:
        B:THR 20 : HG1
        B:THR 70 : HG1
    Cluster 85:
        B:THR 28 : HG1
    Cluster 86:
        B:THR 35 : HG1
    Cluster 87:
        B:THR 40 : HG1
    Cluster 88:
        B:SER 44 : HG 
    Cluster 89:
        B:THR 45 : HG1
    Cluster 90:
        B:THR 49 : HG1
    Cluster 91:
        B:SER 51 : HG 
    Cluster 92:
        B:TYR 56 : HH 
        B:ASP 78 
    Cluster 93:
        B:SER 57 : HG 
    Cluster 94:
        B:THR 59 : HG1
        B:SER 68 : HG 
    Cluster 95:
        B:SER 64 : HG 
        B:ASP 61 
        B:SER 66 : HG 
    Cluster 96:
        B:SER 79 : HG 
    Cluster 97:
        B:THR 81 : HG1
    Cluster 98:
        B:TYR 82 : HH 
    Cluster 99:
        B:SER 89 : HG 
    Cluster 100:
        B:SER 93 : HG 
    Cluster 101:
        B:THR 102 : HG1
    Cluster 102:
        A:ADP 501 :HO3'
        A:ADP 501 :HO2'
    Cluster 103:
        A:EDO 503 : HO1
        A:EDO 503 : HO2
    Cluster 104:
        A:EDO 507 : HO1
        A:EDO 507 : HO2
    Cluster 105:
        A:EDO 509 : HO1
        A:EDO 509 : HO2
    Cluster 106:
        A:EDO 512 : HO1
        A:EDO 512 : HO2
    Cluster 107:
        A:GLU 131 
    Cluster 108:
        A:ASP 132 
    Cluster 109:
        A:GLU 134 
    Cluster 110:
        A:GLU 170 
    Cluster 111:
        A:GLU 260 
    Cluster 112:
        A:ASP 294 
    Cluster 113:
        A:GLU 299 
    Cluster 114:
        A:ASP 307 
    Cluster 115:
        A:GLU 336 
    Cluster 116:
        A:GLU 345 
    Cluster 117:
        A:ASP 350 
    Cluster 118:
        A:GLU 354 
    Cluster 119:
        A:GLU 376 
    Cluster 120:
        A:GLU 379 
    Cluster 121:
        B:ASP 5 
    Cluster 122:
        B:GLU 17 
    Cluster 123:
        B:ASP 27 
    Cluster 124:
        B:GLU 58 
    Cluster 125:
        B:GLU 62 
    Cluster 126:
        B:ASP 73 
    Cluster 127:
        B:GLU 77 
    Cluster 128:
        B:ASP 88 
    Cluster 129:
        B:GLU 95 

Working on cluster #1...
    A:GLN 127  : 2 states
    A:EDO 506 : HO2 : 5 states
    A:EDO 506 : HO1 : 3 states

  Scoring exhaustively (30 potential combinations)...

  Cluster results:
    A:GLN 127  : Flip
    A:EDO 506 : HO2 : Stagger 1 3/5
    A:EDO 506 : HO1 : Stagger 3 3/3

Working on cluster #2...
    A:ASN 146  : 2 states
    A:TYR 148 : HH  : 5 states

  Scoring exhaustively (10 potential combinations)...
    No valid conformations found. Trying again with less strict requirements.

  Cluster results:
    A:ASN 146  : Flip
    A:TYR 148 : HH  : Default 2 4/4 (pKa = 10.21)

Working on cluster #3...
    A:GLN 154  : 2 states

  Scoring exhaustively (2 potential combinations)...

  Cluster results:
    A:GLN 154  : No Flip

Working on cluster #4...
    A:GLN 168  : 2 states

  Scoring exhaustively (2 potential combinations)...

  Cluster results:
    A:GLN 168  : No Flip

Working on cluster #5...
    A:GLN 177  : 2 states
    A:GLU 181  : 3 states

  Scoring exhaustively (6 potential combinations)...

  Cluster results:
    A:GLN 177  : No Flip
    A:GLU 181  : Charged (pKa = 6.61)

Working on cluster #6...
    A:GLN 185  : 2 states

  Scoring exhaustively (2 potential combinations)...

  Cluster results:
    A:GLN 185  : No Flip

Working on cluster #7...
    A:ASN 192  : 2 states
    A:HID 190  : 6 states

  Scoring exhaustively (12 potential combinations)...

  Cluster results:
    A:ASN 192  : No Flip
    A:HID 190  : HIE (pKa = 5.09)

Working on cluster #8...
    A:GLN 223  : 2 states
    A:TYR 219 : HH  : 6 states

  Scoring exhaustively (12 potential combinations)...
    No valid conformations found. Trying again with less strict requirements.
    No valid conformations found. Trying again with less strict requirements.

  Cluster results:
    A:GLN 223  : Flip
    A:TYR 219 : HH  : Orientation 3/5 (pKa = 10.32)

Working on cluster #9...
    A:GLN 231  : 2 states
    A:ASP 229  : 3 states
    A:ASN 386  : 2 states

  Scoring exhaustively (12 potential combinations)...

  Cluster results:
    A:GLN 231  : No Flip
    A:ASP 229  : Charged (pKa = 3.15)
    A:ASN 386  : No Flip

Working on cluster #10...
    A:ASN 242  : 2 states

  Scoring exhaustively (2 potential combinations)...
    No valid conformations found. Trying again with less strict requirements.

  Cluster results:
    A:ASN 242  : Flip

Working on cluster #11...
    A:ASN 261  : 2 states
    A:ASP 274  : 3 states
    A:HID 254  : 6 states

  Scoring exhaustively (36 potential combinations)...
    No valid conformations found. Trying again with less strict requirements.

  Cluster results:
    A:ASN 261  : Flip
    A:ASP 274  : Charged (pKa = 3.18)
    A:HID 254  : HIP (pKa = 8.8)

Working on cluster #12...
    A:ASN 332  : 2 states

  Scoring exhaustively (2 potential combinations)...

  Cluster results:
    A:ASN 332  : Flip

Working on cluster #13...
    A:GLN 335  : 2 states

  Scoring exhaustively (2 potential combinations)...

  Cluster results:
    A:GLN 335  : No Flip

Working on cluster #14...
    A:ASN 367  : 2 states
    A:SER 369 : HG  : 9 states
    A:GLN 370  : 2 states

  Scoring exhaustively (36 potential combinations)...

  Cluster results:
    A:ASN 367  : No Flip
    A:SER 369 : HG  : Orientation 5/9
    A:GLN 370  : No Flip

Working on cluster #15...
    A:ASN 392  : 2 states

  Scoring exhaustively (2 potential combinations)...

  Cluster results:
    A:ASN 392  : Flip

Working on cluster #16...
    B:GLN 6  : 2 states
    B:THR 99 : HG1 : 9 states

  Scoring exhaustively (18 potential combinations)...

  Cluster results:
    B:GLN 6  : No Flip
    B:THR 99 : HG1 : Orientation 6/9

Working on cluster #17...
    B:ASN 22  : 2 states

  Scoring exhaustively (2 potential combinations)...

  Cluster results:
    B:ASN 22  : No Flip

Working on cluster #18...
    B:ASN 36  : 2 states
    B:GLU 47  : 3 states
    A:GLU 183  : 3 states
    A:EDO 508 : HO2 : 6 states
    A:EDO 508 : HO1 : 6 states
    B:TYR 38 : HH  : 7 states
    A:SER 186 : HG  : 10 states
    A:HID 187  : 6 states
    B:LYS 85  : 20 states

  Scoring via sequential iteration and hybridization (5443200 potential combinations)...
    Beginning sequential iteration...
      Stage 1: Sequential iteration with hybridization
        Best solution after Stage 1: -11.4876161755
      Stage 2: Diversification of existing solutions
        Best solution after Stage 2: -11.4876161755
      Stage 3: Recombination of existing solutions
        Best solution after Stage 3: -11.4876161755

  Cluster results:
    B:ASN 36  : No Flip
    B:GLU 47  : Charged (pKa = 3.58)
    A:GLU 183  : Charged (pKa = 4.25)
    A:EDO 508 : HO2 : Orientation 3/6
    A:EDO 508 : HO1 : Stagger 2 5/6
    B:TYR 38 : HH  : Orientation 1/6 (pKa = 17.08)
    A:SER 186 : HG  : Orientation 7/10
    A:HID 187  : HIE (pKa = 7.12)
    B:LYS 85  : Stagger (pKa = 11.06)

Working on cluster #19...
    B:GLN 48  : 2 states

  Scoring exhaustively (2 potential combinations)...

  Cluster results:
    B:GLN 48  : No Flip

Working on cluster #20...
    B:ASN 65  : 2 states

  Scoring exhaustively (2 potential combinations)...

  Cluster results:
    B:ASN 65  : No Flip

Working on cluster #21...
    A:LYS 141  : 16 states

  Scoring exhaustively (16 potential combinations)...

  Cluster results:
    A:LYS 141  : Orientation 1/3 (pKa = 10.45)

Working on cluster #22...
    A:LYS 143  : 8 states

  Scoring exhaustively (8 potential combinations)...

  Cluster results:
    A:LYS 143  : Orientation 1/1 (pKa = 11.92)

Working on cluster #23...
    A:LYS 153  : 8 states

  Scoring exhaustively (8 potential combinations)...

  Cluster results:
    A:LYS 153  : Orientation 1/1 (pKa = 10.47)

Working on cluster #24...
    A:LYS 156  : 4 states

  Scoring exhaustively (4 potential combinations)...

  Cluster results:
    A:LYS 156  : Stagger (pKa = 10.42)

Working on cluster #25...
    A:LYS 162  : 20 states

  Scoring exhaustively (20 potential combinations)...
    No valid conformations found. Trying again with less strict requirements.

  Cluster results:
    A:LYS 162  : Orientation 1/4 (pKa = 14.1)

Working on cluster #26...
    A:LYS 166  : 8 states
    A:HID 201  : 6 states

  Scoring exhaustively (48 potential combinations)...
    No valid conformations found. Trying again with less strict requirements.

  Cluster results:
    A:LYS 166  : Orientation 1/1 (pKa = 9.67)
    A:HID 201  : HID (pKa = 5.23)

Working on cluster #27...
    A:LYS 171  : 8 states

  Scoring exhaustively (8 potential combinations)...
    No valid conformations found. Trying again with less strict requirements.

  Cluster results:
    A:LYS 171  : Orientation 1/1 (pKa = 10.43)

Working on cluster #28...
    A:LYS 224  : 12 states

  Scoring exhaustively (12 potential combinations)...

  Cluster results:
    A:LYS 224  : Orientation 1/2 (pKa = 10.11)

Working on cluster #29...
    A:LYS 227  : 12 states

  Scoring exhaustively (12 potential combinations)...
    No valid conformations found. Trying again with less strict requirements.

  Cluster results:
    A:LYS 227  : Stagger (pKa = 10.27)

Working on cluster #30...
    A:LYS 250  : 12 states
    A:EDO 504 : HO2 : 5 states
    A:EDO 504 : HO1 : 7 states
    A:TYR 246 : HH  : 4 states

  Scoring exhaustively (1680 potential combinations)...
    No valid conformations found. Trying again with less strict requirements.
    No valid conformations found. Trying again with less strict requirements.

  Cluster results:
    A:LYS 250  : Stagger (pKa = 9.16)
    A:EDO 504 : HO2 : Stagger 3 5/5
    A:EDO 504 : HO1 : Orientation 4/7
    A:TYR 246 : HH  : Orientation 1/3 (pKa = 10.53)

Working on cluster #31...
    A:LYS 258  : 12 states
    A:ASP 256  : 3 states

  Scoring exhaustively (36 potential combinations)...

  Cluster results:
    A:LYS 258  : Stagger (pKa = 10.55)
    A:ASP 256  : Charged (pKa = 4.71)

Working on cluster #32...
    A:LYS 271  : 20 states
    A:GLU 269  : 3 states
    A:GLU 211  : 3 states

  Scoring exhaustively (180 potential combinations)...
    No valid conformations found. Trying again with less strict requirements.

  Cluster results:
    A:LYS 271  : Orientation 3/4 (pKa = 11.19)
    A:GLU 269  : Charged (pKa = 3.57)
    A:GLU 211  : Charged (pKa = 4.63)

Working on cluster #33...
    A:LYS 309  : 20 states

  Scoring exhaustively (20 potential combinations)...
    No valid conformations found. Trying again with less strict requirements.
    No valid conformations found. Trying again with less strict requirements.

  Cluster results:
    A:LYS 309  : Orientation 4/4 (pKa = 9.79)

Working on cluster #34...
    A:LYS 326  : 16 states
    A:GLU 330  : 3 states

  Scoring exhaustively (48 potential combinations)...

  Cluster results:
    A:LYS 326  : Orientation 1/3 (pKa = 10.6)
    A:GLU 330  : Charged (pKa = 4.78)

Working on cluster #35...
    A:LYS 339  : 8 states

  Scoring exhaustively (8 potential combinations)...

  Cluster results:
    A:LYS 339  : Orientation 1/1 (pKa = 10.07)

Working on cluster #36...
    A:LYS 365  : 12 states

  Scoring exhaustively (12 potential combinations)...
    No valid conformations found. Trying again with less strict requirements.

  Cluster results:
    A:LYS 365  : Orientation 1/2 (pKa = 10.22)

Working on cluster #37...
    A:LYS 389  : 12 states
    A:GLU 239  : 3 states

  Scoring exhaustively (36 potential combinations)...

  Cluster results:
    A:LYS 389  : Stagger (pKa = 11.31)
    A:GLU 239  : Charged (pKa = 5.56)

Working on cluster #38...
    B:LYS 13  : 8 states

  Scoring exhaustively (8 potential combinations)...

  Cluster results:
    B:LYS 13  : Orientation 1/1 (pKa = 10.31)

Working on cluster #39...
    B:LYS 41  : 8 states

  Scoring exhaustively (8 potential combinations)...

  Cluster results:
    B:LYS 41  : Orientation 1/1 (pKa = 9.36)

Working on cluster #40...
    B:LYS 46  : 8 states

  Scoring exhaustively (8 potential combinations)...

  Cluster results:
    B:LYS 46  : Orientation 1/1 (pKa = 10.37)

Working on cluster #41...
    B:LYS 83  : 12 states

  Scoring exhaustively (12 potential combinations)...

  Cluster results:
    B:LYS 83  : Orientation 2/2 (pKa = 10.22)

Working on cluster #42...
    B:LYS 104  : 8 states
    B:GLU 14  : 3 states

  Scoring exhaustively (24 potential combinations)...

  Cluster results:
    B:LYS 104  : Orientation 1/1 (pKa = 11.02)
    B:GLU 14  : Charged (pKa = 4.15)

Working on cluster #43...
    A:HID 176  : 6 states
    B:ASP 33  : 3 states
    A:GLU 175  : 3 states
    B:SER 34 : HG  : 6 states

  Scoring exhaustively (324 potential combinations)...

  Cluster results:
    A:HID 176  : HIE (pKa = 6.87)
    B:ASP 33  : Charged (pKa = 2.79)
    A:GLU 175  : Charged (pKa = 3.46)
    B:SER 34 : HG  : Stagger 1 4/6

Working on cluster #44...
    A:HID 248  : 6 states
    A:ASP 311  : 3 states
    A:GLU 308  : 3 states

  Scoring exhaustively (54 potential combinations)...

  Cluster results:
    A:HID 248  : HIP (pKa = 7.75)
    A:ASP 311  : Charged (pKa = 4.47)
    A:GLU 308  : Charged (pKa = 5.28)

Working on cluster #45...
    A:HID 280  : 6 states

  Scoring exhaustively (6 potential combinations)...

  Cluster results:
    A:HID 280  : HID (pKa = 5.51)

Working on cluster #46...
    A:HID 306  : 6 states
    A:EDO 511 : HO2 : 6 states
    A:EDO 511 : HO1 : 8 states
    A:SER 283 : HG  : 6 states

  Scoring exhaustively (1728 potential combinations)...
    No valid conformations found. Trying again with less strict requirements.

  Cluster results:
    A:HID 306  : HID (pKa = 5.17)
    A:EDO 511 : HO2 : Orientation 1/6
    A:EDO 511 : HO1 : Orientation 1/8
    A:SER 283 : HG  : Stagger 3 6/6

Working on cluster #47...
    A:HID 366  : 6 states
    A:GLU 302  : 3 states
    A:SER 342 : HG  : 9 states

  Scoring exhaustively (162 potential combinations)...

  Cluster results:
    A:HID 366  : HIE (pKa = 6.87)
    A:GLU 302  : Charged (pKa = 3.31)
    A:SER 342 : HG  : Orientation 2/9

Working on cluster #48...
    A:HID 380  : 6 states
    A:ASP 358  : 3 states

  Scoring exhaustively (18 potential combinations)...

  Cluster results:
    A:HID 380  : HIE (pKa = 6.04)
    A:ASP 358  : Charged (pKa = 2.12)

Working on cluster #49...
    A:SER 155 : HG  : 13 states
    A:GLU 152  : 3 states

  Scoring exhaustively (39 potential combinations)...

  Cluster results:
    A:SER 155 : HG  : Orientation 6/13
    A:GLU 152  : Charged (pKa = 2.74)

Working on cluster #50...
    A:TYR 197 : HH  : 4 states

  Scoring exhaustively (4 potential combinations)...

  Cluster results:
    A:TYR 197 : HH  : Default 1 2/3 (pKa = 10.98)

Working on cluster #51...
    A:TYR 199 : HH  : 3 states

  Scoring exhaustively (3 potential combinations)...

  Cluster results:
    A:TYR 199 : HH  : Default 1 2/2 (pKa = 12.52)

Working on cluster #52...
    A:THR 204 : HG1 : 5 states
    A:ASP 202  : 3 states
    A:TYR 207 : HH  : 5 states

  Scoring exhaustively (75 potential combinations)...

  Cluster results:
    A:THR 204 : HG1 : Orientation 1/5
    A:ASP 202  : Charged (pKa = 1.41)
    A:TYR 207 : HH  : Orientation 2/4 (pKa = 10.7)

Working on cluster #53...
    A:TYR 212 : HH  : 3 states

  Scoring exhaustively (3 potential combinations)...

  Cluster results:
    A:TYR 212 : HH  : Default 1 1/2 (pKa = 10.44)

Working on cluster #54...
    A:THR 217 : HG1 : 8 states

  Scoring exhaustively (8 potential combinations)...

  Cluster results:
    A:THR 217 : HG1 : Orientation 7/8

Working on cluster #55...
    A:SER 226 : HG  : 5 states

  Scoring exhaustively (5 potential combinations)...

  Cluster results:
    A:SER 226 : HG  : Stagger 3 5/5

Working on cluster #56...
    A:THR 233 : HG1 : 5 states

  Scoring exhaustively (5 potential combinations)...

  Cluster results:
    A:THR 233 : HG1 : Orientation 1/5

Working on cluster #57...
    A:THR 235 : HG1 : 9 states
    A:EDO 510 : HO2 : 7 states
    A:EDO 510 : HO1 : 5 states
    A:SER 388 : HG  : 7 states
    A:SER 387 : HG  : 11 states
    A:THR 238 : HG1 : 7 states

  Scoring exhaustively (169785 potential combinations)...

  Cluster results:
    A:THR 235 : HG1 : Orientation 1/9
    A:EDO 510 : HO2 : Orientation 2/7
    A:EDO 510 : HO1 : Stagger 2 4/5
    A:SER 388 : HG  : Stagger 2 6/7
    A:SER 387 : HG  : Orientation 1/11
    A:THR 238 : HG1 : Stagger 3 7/7

Working on cluster #58...
    A:TYR 236 : HH  : 6 states
    A:GLU 221  : 3 states

  Scoring exhaustively (18 potential combinations)...

  Cluster results:
    A:TYR 236 : HH  : Orientation 2/5 (pKa = 13.06)
    A:GLU 221  : Charged (pKa = 5.21)

Working on cluster #59...
    A:SER 245 : HG  : 5 states

  Scoring exhaustively (5 potential combinations)...

  Cluster results:
    A:SER 245 : HG  : Stagger 1 3/5

Working on cluster #60...
    A:CYS 247 : HG  : 7 states

  Scoring exhaustively (7 potential combinations)...

  Cluster results:
    A:CYS 247 : HG  : Orientation 1/6 (pKa = 13.19)

Working on cluster #61...
    A:SER 249 : HG  : 7 states

  Scoring exhaustively (7 potential combinations)...

  Cluster results:
    A:SER 249 : HG  : Stagger 2 6/7

Working on cluster #62...
    A:SER 266 : HG  : 9 states
    A:EDO 505 : HO2 : 7 states
    A:EDO 505 : HO1 : 7 states

  Scoring exhaustively (441 potential combinations)...
    No valid conformations found. Trying again with less strict requirements.

  Cluster results:
    A:SER 266 : HG  : Orientation 1/9
    A:EDO 505 : HO2 : Orientation 4/7
    A:EDO 505 : HO1 : Orientation 2/7

Working on cluster #63...
    A:SER 278 : HG  : 6 states

  Scoring exhaustively (6 potential combinations)...

  Cluster results:
    A:SER 278 : HG  : Orientation 3/6

Working on cluster #64...
    A:SER 284 : HG  : 5 states

  Scoring exhaustively (5 potential combinations)...

  Cluster results:
    A:SER 284 : HG  : Stagger 1 3/5

Working on cluster #65...
    A:THR 287 : HG1 : 5 states

  Scoring exhaustively (5 potential combinations)...

  Cluster results:
    A:THR 287 : HG1 : Orientation 1/5

Working on cluster #66...
    A:THR 292 : HG1 : 4 states

  Scoring exhaustively (4 potential combinations)...

  Cluster results:
    A:THR 292 : HG1 : Stagger 3 4/4

Working on cluster #67...
    A:TYR 295 : HH  : 5 states
    A:GLU 321  : 3 states

  Scoring exhaustively (15 potential combinations)...

  Cluster results:
    A:TYR 295 : HH  : Orientation 1/4 (pKa = 15.32)
    A:GLU 321  : Charged (pKa = 6.95)

Working on cluster #68...
    A:SER 314 : HG  : 11 states

  Scoring exhaustively (11 potential combinations)...

  Cluster results:
    A:SER 314 : HG  : Orientation 1/11

Working on cluster #69...
    A:CYS 319 : HG  : 7 states

  Scoring exhaustively (7 potential combinations)...

  Cluster results:
    A:CYS 319 : HG  : Stagger 2 5/6 (pKa = 12.7)

Working on cluster #70...
    A:TYR 320 : HH  : 6 states

  Scoring exhaustively (6 potential combinations)...

  Cluster results:
    A:TYR 320 : HH  : Orientation 1/5 (pKa = 11.66)

Working on cluster #71...
    A:THR 333 : HG1 : 8 states

  Scoring exhaustively (8 potential combinations)...

  Cluster results:
    A:THR 333 : HG1 : Orientation 2/8

Working on cluster #72...
    A:TYR 334 : HH  : 6 states

  Scoring exhaustively (6 potential combinations)...

  Cluster results:
    A:TYR 334 : HH  : Orientation 1/5 (pKa = 10.28)

Working on cluster #73...
    A:THR 337 : HG1 : 7 states

  Scoring exhaustively (7 potential combinations)...

  Cluster results:
    A:THR 337 : HG1 : Orientation 1/7

Working on cluster #74...
    A:TYR 338 : HH  : 4 states

  Scoring exhaustively (4 potential combinations)...

  Cluster results:
    A:TYR 338 : HH  : Orientation 1/3 (pKa = 10.78)

Working on cluster #75...
    A:THR 347 : HG1 : 4 states

  Scoring exhaustively (4 potential combinations)...

  Cluster results:
    A:THR 347 : HG1 : Stagger 2 3/4

Working on cluster #76...
    A:THR 353 : HG1 : 5 states
    A:GLU 230  : 3 states

  Scoring exhaustively (15 potential combinations)...

  Cluster results:
    A:THR 353 : HG1 : Orientation 2/5
    A:GLU 230  : Charged (pKa = 3.84)

Working on cluster #77...
    A:SER 361 : HG  : 6 states

  Scoring exhaustively (6 potential combinations)...

  Cluster results:
    A:SER 361 : HG  : Orientation 1/6

Working on cluster #78...
    A:THR 384 : HG1 : 5 states

  Scoring exhaustively (5 potential combinations)...

  Cluster results:
    A:THR 384 : HG1 : Stagger 3 5/5

Working on cluster #79...
    A:SER 391 : HG  : 8 states

  Scoring exhaustively (8 potential combinations)...

  Cluster results:
    A:SER 391 : HG  : Orientation 4/8

Working on cluster #80...
    B:THR 7 : HG1 : 7 states

  Scoring exhaustively (7 potential combinations)...

  Cluster results:
    B:THR 7 : HG1 : Stagger 2 6/7

Working on cluster #81...
    B:THR 12 : HG1 : 5 states

  Scoring exhaustively (5 potential combinations)...

  Cluster results:
    B:THR 12 : HG1 : Orientation 1/5

Working on cluster #82...
    B:THR 15 : HG1 : 8 states

  Scoring exhaustively (8 potential combinations)...

  Cluster results:
    B:THR 15 : HG1 : Stagger 3 8/8

Working on cluster #83...
    B:SER 18 : HG  : 10 states

  Scoring exhaustively (10 potential combinations)...

  Cluster results:
    B:SER 18 : HG  : Orientation 6/10

Working on cluster #84...
    B:THR 20 : HG1 : 9 states
    B:THR 70 : HG1 : 11 states

  Scoring exhaustively (99 potential combinations)...

  Cluster results:
    B:THR 20 : HG1 : Orientation 5/9
    B:THR 70 : HG1 : Orientation 1/11

Working on cluster #85...
    B:THR 28 : HG1 : 7 states

  Scoring exhaustively (7 potential combinations)...

  Cluster results:
    B:THR 28 : HG1 : Stagger 2 6/7

Working on cluster #86...
    B:THR 35 : HG1 : 5 states

  Scoring exhaustively (5 potential combinations)...

  Cluster results:
    B:THR 35 : HG1 : Orientation 1/5

Working on cluster #87...
    B:THR 40 : HG1 : 4 states

  Scoring exhaustively (4 potential combinations)...

  Cluster results:
    B:THR 40 : HG1 : Stagger 1 2/4

Working on cluster #88...
    B:SER 44 : HG  : 10 states

  Scoring exhaustively (10 potential combinations)...
    No valid conformations found. Trying again with less strict requirements.

  Cluster results:
    B:SER 44 : HG  : Orientation 9/10

Working on cluster #89...
    B:THR 45 : HG1 : 4 states

  Scoring exhaustively (4 potential combinations)...

  Cluster results:
    B:THR 45 : HG1 : Stagger 3 4/4

Working on cluster #90...
    B:THR 49 : HG1 : 5 states

  Scoring exhaustively (5 potential combinations)...

  Cluster results:
    B:THR 49 : HG1 : Stagger 3 5/5

Working on cluster #91...
    B:SER 51 : HG  : 6 states

  Scoring exhaustively (6 potential combinations)...

  Cluster results:
    B:SER 51 : HG  : Orientation 4/6

Working on cluster #92...
    B:TYR 56 : HH  : 7 states
    B:ASP 78  : 3 states

  Scoring exhaustively (21 potential combinations)...

  Cluster results:
    B:TYR 56 : HH  : Orientation 3/6 (pKa = 10.21)
    B:ASP 78  : Charged (pKa = 1.9)

Working on cluster #93...
    B:SER 57 : HG  : 5 states

  Scoring exhaustively (5 potential combinations)...

  Cluster results:
    B:SER 57 : HG  : Stagger 1 3/5

Working on cluster #94...
    B:THR 59 : HG1 : 6 states
    B:SER 68 : HG  : 9 states

  Scoring exhaustively (54 potential combinations)...

  Cluster results:
    B:THR 59 : HG1 : Stagger 2 5/6
    B:SER 68 : HG  : Orientation 4/9

Working on cluster #95...
    B:SER 64 : HG  : 7 states
    B:ASP 61  : 3 states
    B:SER 66 : HG  : 9 states

  Scoring exhaustively (189 potential combinations)...

  Cluster results:
    B:SER 64 : HG  : Orientation 2/7
    B:ASP 61  : Charged (pKa = 3.14)
    B:SER 66 : HG  : Stagger 3 9/9

Working on cluster #96...
    B:SER 79 : HG  : 9 states

  Scoring exhaustively (9 potential combinations)...

  Cluster results:
    B:SER 79 : HG  : Orientation 1/9

Working on cluster #97...
    B:THR 81 : HG1 : 6 states

  Scoring exhaustively (6 potential combinations)...

  Cluster results:
    B:THR 81 : HG1 : Orientation 4/6

Working on cluster #98...
    B:TYR 82 : HH  : 3 states

  Scoring exhaustively (3 potential combinations)...

  Cluster results:
    B:TYR 82 : HH  : Orientation 1/2 (pKa = 12.39)

Working on cluster #99...
    B:SER 89 : HG  : 9 states

  Scoring exhaustively (9 potential combinations)...

  Cluster results:
    B:SER 89 : HG  : Orientation 3/9

Working on cluster #100...
    B:SER 93 : HG  : 6 states

  Scoring exhaustively (6 potential combinations)...

  Cluster results:
    B:SER 93 : HG  : Stagger 3 6/6

Working on cluster #101...
    B:THR 102 : HG1 : 5 states

  Scoring exhaustively (5 potential combinations)...

  Cluster results:
    B:THR 102 : HG1 : Stagger 3 5/5

Working on cluster #102...
    A:ADP 501 :HO3' : 4 states
    A:ADP 501 :HO2' : 7 states

  Scoring exhaustively (28 potential combinations)...

  Cluster results:
    A:ADP 501 :HO3' : Stagger 1 2/4
    A:ADP 501 :HO2' : Orientation 4/7

Working on cluster #103...
    A:EDO 503 : HO1 : 8 states
    A:EDO 503 : HO2 : 8 states

  Scoring exhaustively (64 potential combinations)...

  Cluster results:
    A:EDO 503 : HO1 : Default 6/8
    A:EDO 503 : HO2 : Orientation 4/8

Working on cluster #104...
    A:EDO 507 : HO1 : 5 states
    A:EDO 507 : HO2 : 6 states

  Scoring exhaustively (30 potential combinations)...

  Cluster results:
    A:EDO 507 : HO1 : Stagger 2 4/5
    A:EDO 507 : HO2 : Orientation 3/6

Working on cluster #105...
    A:EDO 509 : HO1 : 5 states
    A:EDO 509 : HO2 : 5 states

  Scoring exhaustively (25 potential combinations)...

  Cluster results:
    A:EDO 509 : HO1 : Default 4/5
    A:EDO 509 : HO2 : Default 3/5

Working on cluster #106...
    A:EDO 512 : HO1 : 7 states
    A:EDO 512 : HO2 : 8 states

  Scoring exhaustively (56 potential combinations)...
    No valid conformations found. Trying again with less strict requirements.

  Cluster results:
    A:EDO 512 : HO1 : Stagger 1 5/7
    A:EDO 512 : HO2 : Orientation 1/8

Working on cluster #107...
    A:GLU 131  : 3 states

  Scoring exhaustively (3 potential combinations)...

  Cluster results:
    A:GLU 131  : Charged (pKa = 4.17)

Working on cluster #108...
    A:ASP 132  : 3 states

  Scoring exhaustively (3 potential combinations)...

  Cluster results:
    A:ASP 132  : Charged (pKa = 3.62)

Working on cluster #109...
    A:GLU 134  : 3 states

  Scoring exhaustively (3 potential combinations)...

  Cluster results:
    A:GLU 134  : Charged (pKa = 4.36)

Working on cluster #110...
    A:GLU 170  : 3 states

  Scoring exhaustively (3 potential combinations)...

  Cluster results:
    A:GLU 170  : Charged (pKa = 4.72)

Working on cluster #111...
    A:GLU 260  : 3 states

  Scoring exhaustively (3 potential combinations)...

  Cluster results:
    A:GLU 260  : Charged (pKa = 5.02)

Working on cluster #112...
    A:ASP 294  : 3 states

  Scoring exhaustively (3 potential combinations)...

  Cluster results:
    A:ASP 294  : Charged (pKa = 5.57)

Working on cluster #113...
    A:GLU 299  : 3 states

  Scoring exhaustively (3 potential combinations)...

  Cluster results:
    A:GLU 299  : Charged (pKa = 4.65)

Working on cluster #114...
    A:ASP 307  : 3 states

  Scoring exhaustively (3 potential combinations)...

  Cluster results:
    A:ASP 307  : Charged (pKa = 3.75)

Working on cluster #115...
    A:GLU 336  : 3 states

  Scoring exhaustively (3 potential combinations)...

  Cluster results:
    A:GLU 336  : Charged (pKa = 3.79)

Working on cluster #116...
    A:GLU 345  : 3 states

  Scoring exhaustively (3 potential combinations)...

  Cluster results:
    A:GLU 345  : Charged (pKa = 4.61)

Working on cluster #117...
    A:ASP 350  : 3 states

  Scoring exhaustively (3 potential combinations)...

  Cluster results:
    A:ASP 350  : Charged (pKa = 3.82)

Working on cluster #118...
    A:GLU 354  : 3 states

  Scoring exhaustively (3 potential combinations)...

  Cluster results:
    A:GLU 354  : Charged (pKa = 4.68)

Working on cluster #119...
    A:GLU 376  : 3 states

  Scoring exhaustively (3 potential combinations)...

  Cluster results:
    A:GLU 376  : Charged (pKa = 3.65)

Working on cluster #120...
    A:GLU 379  : 3 states

  Scoring exhaustively (3 potential combinations)...

  Cluster results:
    A:GLU 379  : Charged (pKa = 4.2)

Working on cluster #121...
    B:ASP 5  : 3 states

  Scoring exhaustively (3 potential combinations)...

  Cluster results:
    B:ASP 5  : Charged (pKa = 3.05)

Working on cluster #122...
    B:GLU 17  : 3 states

  Scoring exhaustively (3 potential combinations)...

  Cluster results:
    B:GLU 17  : Charged (pKa = 3.77)

Working on cluster #123...
    B:ASP 27  : 3 states

  Scoring exhaustively (3 potential combinations)...

  Cluster results:
    B:ASP 27  : Charged (pKa = 3.13)

Working on cluster #124...
    B:GLU 58  : 3 states

  Scoring exhaustively (3 potential combinations)...

  Cluster results:
    B:GLU 58  : Charged (pKa = 6.03)

Working on cluster #125...
    B:GLU 62  : 3 states

  Scoring exhaustively (3 potential combinations)...

  Cluster results:
    B:GLU 62  : Charged (pKa = 4.92)

Working on cluster #126...
    B:ASP 73  : 3 states

  Scoring exhaustively (3 potential combinations)...

  Cluster results:
    B:ASP 73  : Charged (pKa = 3.78)

Working on cluster #127...
    B:GLU 77  : 3 states

  Scoring exhaustively (3 potential combinations)...

  Cluster results:
    B:GLU 77  : Charged (pKa = 3.85)

Working on cluster #128...
    B:ASP 88  : 3 states

  Scoring exhaustively (3 potential combinations)...

  Cluster results:
    B:ASP 88  : Charged (pKa = 4.06)

Working on cluster #129...
    B:GLU 95  : 3 states

  Scoring exhaustively (3 potential combinations)...

  Cluster results:
    B:GLU 95  : Charged (pKa = 4.63)


Recalculating pKas to identify changes in protonation penalties...
  Running PropKa to get pKas
    No changes in protonation penalties found.

Minimizing hydrogens...

Total score for structure: -242.833222491

Final pKas:
  A:LYS 141  : 10.45
  A:LYS 143  : 11.92
  A:LYS 153  : 10.47
  A:LYS 156  : 10.42
  A:LYS 162  : 14.10
  A:LYS 166  : 9.67
  A:LYS 171  : 10.43
  A:LYS 224  : 10.11
  A:LYS 227  : 10.27
  A:LYS 250  : 9.16
  A:LYS 258  : 10.55
  A:LYS 271  : 11.19
  A:LYS 309  : 9.79
  A:LYS 326  : 10.60
  A:LYS 339  : 10.07
  A:LYS 365  : 10.22
  A:LYS 389  : 11.31
  B:LYS 13  : 10.31
  B:LYS 41  : 9.36
  B:LYS 46  : 10.37
  B:LYS 83  : 10.22
  B:LYS 85  : 11.06
  B:LYS 104  : 11.02
  A:HID 176  : 6.87
  A:HID 187  : 7.12
  A:HID 190  : 5.09
  A:HID 201  : 5.23
  A:HID 248  : 7.75
  A:HID 254  : 8.80
  A:HID 280  : 5.51
  A:HID 306  : 5.17
  A:HID 366  : 6.87
  A:HID 380  : 6.04
  A:TYR 148 : HH  : 10.43
  A:TYR 197 : HH  : 10.98
  A:TYR 199 : HH  : 12.52
  A:TYR 207 : HH  : 10.70
  A:TYR 212 : HH  : 10.44
  A:TYR 219 : HH  : 10.36
  A:TYR 236 : HH  : 13.06
  A:TYR 246 : HH  : 10.53
  A:CYS 247 : HG  : 13.19
  A:TYR 295 : HH  : 15.32
  A:CYS 319 : HG  : 12.70
  A:TYR 320 : HH  : 11.66
  A:TYR 334 : HH  : 10.28
  A:TYR 338 : HH  : 10.78
  B:TYR 38 : HH  : 17.08
  B:TYR 56 : HH  : 10.21
  B:TYR 82 : HH  : 12.39
  A:GLU 131  : 4.17
  A:ASP 132  : 3.62
  A:GLU 134  : 4.36
  A:GLU 152  : 2.74
  A:GLU 170  : 4.72
  A:GLU 175  : 3.46
  A:GLU 181  : 6.61
  A:GLU 183  : 4.25
  A:ASP 202  : 1.41
  A:GLU 211  : 4.63
  A:GLU 221  : 5.21
  A:ASP 229  : 3.15
  A:GLU 230  : 3.84
  A:GLU 239  : 5.56
  A:ASP 256  : 4.71
  A:GLU 260  : 5.02
  A:GLU 269  : 3.57
  A:ASP 274  : 3.18
  A:ASP 294  : 5.57
  A:GLU 299  : 4.65
  A:GLU 302  : 3.31
  A:ASP 307  : 3.75
  A:GLU 308  : 5.28
  A:ASP 311  : 4.47
  A:GLU 321  : 6.95
  A:GLU 330  : 4.78
  A:GLU 336  : 3.79
  A:GLU 345  : 4.61
  A:ASP 350  : 3.82
  A:GLU 354  : 4.68
  A:ASP 358  : 2.12
  A:GLU 376  : 3.65
  A:GLU 379  : 4.20
  B:ASP 5  : 3.05
  B:GLU 14  : 4.15
  B:GLU 17  : 3.77
  B:ASP 27  : 3.13
  B:ASP 33  : 2.79
  B:GLU 47  : 3.58
  B:GLU 58  : 6.03
  B:ASP 61  : 3.14
  B:GLU 62  : 4.92
  B:ASP 73  : 3.78
  B:GLU 77  : 3.85
  B:ASP 78  : 1.90
  B:ASP 88  : 4.06
  B:GLU 95  : 4.63
Structure extracted from file: 5l8k-protassign.mae
Output structure will be written to: 5l8k-protassign-out.mae

Complete. Output file: 5l8k-protassign-out.mae
