
** Heavy-atom coordinates will be fixed: maxlevel set to 0
  **
  ** Beginning refinement level 0
  **

170227-13:22:13 WARNING There seems to be a user specific host file located at /Users/albaness/.schrodinger/schrodinger.hosts. Support for user specific host files is deprecated and might be removed in a future release. Please use the hosts file from the installation /opt/schrodinger/suites2016-4.
Impact: WARNING There seems to be a user specific host file located at /Users/albaness/.schrodinger/schrodinger.hosts. Support for user specific host files is deprecated and might be removed in a future release. Please use the hosts file from the installation /opt/schrodinger/suites2016-4.
%IMPACT-I (openwt): Request to open FORMATTED file 5l8k-impref_ref0.out on unit   2
 Entering IMPACT execution environment 
 Date: Monday, February 27 2017, at 13:22:15 EST
 Impact version 73015
 mmshare version        36015
 Copyright (c) Schrodinger, LLC.
 All Rights Reserved.

 Host: Darwin lski1985 14.5.0 Darwin Kernel Version 14.5.0: Sun Sep 25 22:07:15 PDT 2016; root:xnu-2782.50.9~1/RELEASE_X86_64 x86_64
 Job Name: 5l8k-impref_ref0
 SCHRODINGER  directory: /opt/schrodinger/suites2016-4
 IMPACT_EXEC  directory: /opt/schrodinger/suites2016-4/impact-v7.3/bin/Darwin-x86_64
 MMSHARE_EXEC directory: /opt/schrodinger/suites2016-4/mmshare-v3.6/bin/Darwin-x86_64

 Clock-based global random seed:     1488219735
%IMPACT-I(foldmain): calling OPLS_2005 atomtyping ...
%IMPACT-I(foldmain): finished parameter assignment
 PARM read from file "paramstd.dat"
 Parameter obtained from atomtyping
      Current coord. are written to file: "5l8k-impref.init_coord.rst"
      Box dimensions not written


 Total number of atoms  =  6979
 
 Neighbor List Cutoff Settings
 ==================================
 Cutoff radius:   10.0000000000000     
 Update frequency: every           10  steps
 Species   1 : Neighbors are calculated on a per residue basis
 Species   1 : Cutoff by inter-atomic distances
 
 Step number:          0         Non-bonded count:  1719158
 E-pot        RMS grad     Max grad    
  4.00463E+06  4.90277E+05  4.16158E+07
 Step number:         10         Non-bonded count:  1719158
 -2.16099E+04  5.44418E+00  2.41798E+02
 Step number:         20         Non-bonded count:  1719158
 -2.22755E+04  2.04115E+00  7.25735E+01
 Step number:         30         Non-bonded count:  1719158
 -2.25813E+04  1.43430E+00  5.98868E+01
 Step number:         40         Non-bonded count:  1719158
 -2.27966E+04  1.40620E+00  4.49681E+01
 Step number:         50         Non-bonded count:  1719158
 -2.29500E+04  1.13083E+00  4.11876E+01
 Step number:         60         Non-bonded count:  1719158
 -2.30408E+04  8.78645E-01  3.39895E+01
 Step number:         70         Non-bonded count:  1719158
 -2.30935E+04  7.06100E-01  2.83914E+01
 Step number:         80         Non-bonded count:  1719158
 -2.31394E+04  6.04456E-01  2.04495E+01
 Step number:         90         Non-bonded count:  1719158
 -2.31689E+04  4.86664E-01  1.51221E+01
 Step number:        100         Non-bonded count:  1719158
 -2.31923E+04  4.46524E-01  1.17271E+01
 Step number:        100         Non-bonded count:  1719158
 -2.31923E+04  4.46524E-01  1.17271E+01
      Current coord. are written to file: "5l8k-impref.min0_coord.rst"
      Box dimensions not written
      Current coordinates are read from file: "5l8k-impref.init_coord.rst"
      Box dimensions not read
          read from "5l8k-impref.init_coord.rst"
  
 Energy and Force Generation Info: 
 --------------------------------- 
 Number of E&F called:     363
 PARM read from file "paramstd.dat"
 Parameter obtained from atomtyping
      Current coordinates are read from file: "5l8k-impref.min0_coord.rst"
      Box dimensions not read
          read from "5l8k-impref.min0_coord.rst"


 Total number of atoms  =  6979
 
 Neighbor List Cutoff Settings
 ==================================
 Cutoff radius:   10.0000000000000     
 Update frequency: every           10  steps
 Species   1 : Neighbors are calculated on a per residue basis
 Species   1 : Cutoff by inter-atomic distances
 
 Step number:          0         Non-bonded count:  1719158
 E-pot        RMS grad     Max grad    
 -2.17663E+04  2.64386E+00  2.89741E+01
 Step number:         10         Non-bonded count:  1719158
 -2.26506E+04  1.68248E+00  7.71833E+01
 Step number:         20         Non-bonded count:  1719158
 -2.28172E+04  1.13940E+00  3.31775E+01
 Step number:         30         Non-bonded count:  1719158
 -2.28725E+04  5.75362E-01  1.93542E+01
 Step number:         40         Non-bonded count:  1719158
 -2.29004E+04  4.77182E-01  2.19996E+01
 Step number:         50         Non-bonded count:  1719158
 -2.29181E+04  3.20260E-01  1.30857E+01
 Step number:         60         Non-bonded count:  1719158
 -2.29267E+04  2.97565E-01  1.15786E+01
 Step number:         70         Non-bonded count:  1719158
 -2.29335E+04  2.17068E-01  7.39601E+00
 Step number:         80         Non-bonded count:  1719158
 -2.29387E+04  2.32959E-01  6.71387E+00
 Step number:         90         Non-bonded count:  1719158
 -2.29447E+04  2.03108E-01  8.12681E+00
 Step number:        100         Non-bonded count:  1719158
 -2.29494E+04  2.59758E-01  1.09757E+01
 Step number:        100         Non-bonded count:  1719158
 -2.29494E+04  2.59758E-01  1.09757E+01
  
 Energy and Force Generation Info: 
 --------------------------------- 
 Number of E&F called:     632


Final Energy Reports:
------------------------------------
 Total Energy of the system...... -2.29494E+04 kcal/mol
 Total Potential Energy.......... -2.29494E+04 kcal/mol
 Total Kinetic Energy............  0.00000E+00 kcal/mol
 Temperature of the system.......        0.000 K
 Bond Stretch Energy.............  5.48469E+01 kcal/mol
 Angle Bending Energy............  5.00074E+02 kcal/mol
 Torsion Angle Energy............  1.35604E+02 kcal/mol
 Restraining Energy for Torsions.  0.00000E+00 kcal/mol
 1,4 Lennard Jones Energy........  5.63972E+02 kcal/mol
 1,4 Electrostatic Energy........ -5.74468E+02 kcal/mol
 Lennard Jones Energy............ -6.83102E+02 kcal/mol
 Electrostatic Energy............ -2.29463E+04 kcal/mol
 H-bond Energy...................  0.00000E+00 kcal/mol
 
 Exiting IMPACT execution environment 
 Date: Monday, February 27 2017, at 13:22:44 EST
%IMPACT-I (timit): Total CPU time =      28.01 seconds (   0.5 minutes)
Total elapsed time = 31 seconds
  ** Completed refinement level 0      rmsd =  0.076

** Refinement finished. Final level: 0

** The refined complex file is 5l8k-impref_ref.mae.
